{"C:\\Users\\steve\\OneDrive\\Desktop\\AI-Powered Software Delivery Risk Intelligence Platform\\backend\\src\\server.js": {"path":"C:\\Users\\steve\\OneDrive\\Desktop\\AI-Powered Software Delivery Risk Intelligence Platform\\backend\\src\\server.js","statementMap":{"0":{"start":{"line":6,"column":0},"end":{"line":6,"column":27}},"1":{"start":{"line":7,"column":16},"end":{"line":7,"column":34}},"2":{"start":{"line":8,"column":13},"end":{"line":8,"column":28}},"3":{"start":{"line":9,"column":15},"end":{"line":9,"column":32}},"4":{"start":{"line":10,"column":15},"end":{"line":10,"column":32}},"5":{"start":{"line":11,"column":18},"end":{"line":11,"column":47}},"6":{"start":{"line":13,"column":46},"end":{"line":13,"column":68}},"7":{"start":{"line":14,"column":21},"end":{"line":14,"column":57}},"8":{"start":{"line":15,"column":25},"end":{"line":15,"column":50}},"9":{"start":{"line":18,"column":12},"end":{"line":18,"column":21}},"10":{"start":{"line":19,"column":13},"end":{"line":19,"column":37}},"11":{"start":{"line":22,"column":0},"end":{"line":22,"column":18}},"12":{"start":{"line":23,"column":0},"end":{"line":28,"column":2}},"13":{"start":{"line":31,"column":16},"end":{"line":37,"column":2}},"14":{"start":{"line":38,"column":0},"end":{"line":38,"column":26}},"15":{"start":{"line":41,"column":0},"end":{"line":41,"column":41}},"16":{"start":{"line":42,"column":0},"end":{"line":42,"column":48}},"17":{"start":{"line":43,"column":0},"end":{"line":43,"column":76}},"18":{"start":{"line":46,"column":0},"end":{"line":53,"column":3}},"19":{"start":{"line":47,"column":2},"end":{"line":52,"column":5}},"20":{"start":{"line":56,"column":0},"end":{"line":56,"column":47}},"21":{"start":{"line":57,"column":0},"end":{"line":57,"column":53}},"22":{"start":{"line":58,"column":0},"end":{"line":58,"column":55}},"23":{"start":{"line":59,"column":0},"end":{"line":59,"column":49}},"24":{"start":{"line":60,"column":0},"end":{"line":60,"column":51}},"25":{"start":{"line":61,"column":0},"end":{"line":61,"column":57}},"26":{"start":{"line":62,"column":0},"end":{"line":62,"column":57}},"27":{"start":{"line":65,"column":0},"end":{"line":70,"column":3}},"28":{"start":{"line":66,"column":2},"end":{"line":69,"column":5}},"29":{"start":{"line":73,"column":0},"end":{"line":73,"column":22}},"30":{"start":{"line":77,"column":2},"end":{"line":97,"column":3}},"31":{"start":{"line":79,"column":4},"end":{"line":79,"column":27}},"32":{"start":{"line":80,"column":4},"end":{"line":80,"column":39}},"33":{"start":{"line":82,"column":4},"end":{"line":82,"column":30}},"34":{"start":{"line":83,"column":4},"end":{"line":83,"column":42}},"35":{"start":{"line":86,"column":4},"end":{"line":86,"column":19}},"36":{"start":{"line":89,"column":4},"end":{"line":93,"column":7}},"37":{"start":{"line":90,"column":6},"end":{"line":90,"column":69}},"38":{"start":{"line":91,"column":6},"end":{"line":91,"column":78}},"39":{"start":{"line":92,"column":6},"end":{"line":92,"column":70}},"40":{"start":{"line":95,"column":4},"end":{"line":95,"column":62}},"41":{"start":{"line":96,"column":4},"end":{"line":96,"column":20}},"42":{"start":{"line":100,"column":0},"end":{"line":102,"column":1}},"43":{"start":{"line":101,"column":2},"end":{"line":101,"column":16}},"44":{"start":{"line":104,"column":0},"end":{"line":104,"column":21}}},"fnMap":{"0":{"name":"(anonymous_0)","decl":{"start":{"line":46,"column":23},"end":{"line":46,"column":24}},"loc":{"start":{"line":46,"column":37},"end":{"line":53,"column":1}},"line":46},"1":{"name":"(anonymous_1)","decl":{"start":{"line":65,"column":8},"end":{"line":65,"column":9}},"loc":{"start":{"line":65,"column":22},"end":{"line":70,"column":1}},"line":65},"2":{"name":"startServer","decl":{"start":{"line":76,"column":15},"end":{"line":76,"column":26}},"loc":{"start":{"line":76,"column":29},"end":{"line":98,"column":1}},"line":76},"3":{"name":"(anonymous_3)","decl":{"start":{"line":89,"column":32},"end":{"line":89,"column":33}},"loc":{"start":{"line":89,"column":38},"end":{"line":93,"column":5}},"line":89}},"branchMap":{"0":{"loc":{"start":{"line":19,"column":13},"end":{"line":19,"column":37}},"type":"binary-expr","locations":[{"start":{"line":19,"column":13},"end":{"line":19,"column":29}},{"start":{"line":19,"column":33},"end":{"line":19,"column":37}}],"line":19},"1":{"loc":{"start":{"line":25,"column":12},"end":{"line":25,"column":63}},"type":"binary-expr","locations":[{"start":{"line":25,"column":12},"end":{"line":25,"column":36}},{"start":{"line":25,"column":40},"end":{"line":25,"column":63}}],"line":25},"2":{"loc":{"start":{"line":32,"column":12},"end":{"line":32,"column":72}},"type":"binary-expr","locations":[{"start":{"line":32,"column":12},"end":{"line":32,"column":54}},{"start":{"line":32,"column":58},"end":{"line":32,"column":72}}],"line":32},"3":{"loc":{"start":{"line":33,"column":7},"end":{"line":33,"column":59}},"type":"binary-expr","locations":[{"start":{"line":33,"column":7},"end":{"line":33,"column":52}},{"start":{"line":33,"column":56},"end":{"line":33,"column":59}}],"line":33},"4":{"loc":{"start":{"line":43,"column":15},"end":{"line":43,"column":73}},"type":"cond-expr","locations":[{"start":{"line":43,"column":55},"end":{"line":43,"column":65}},{"start":{"line":43,"column":68},"end":{"line":43,"column":73}}],"line":43},"5":{"loc":{"start":{"line":91,"column":37},"end":{"line":91,"column":74}},"type":"binary-expr","locations":[{"start":{"line":91,"column":37},"end":{"line":91,"column":57}},{"start":{"line":91,"column":61},"end":{"line":91,"column":74}}],"line":91},"6":{"loc":{"start":{"line":100,"column":0},"end":{"line":102,"column":1}},"type":"if","locations":[{"start":{"line":100,"column":0},"end":{"line":102,"column":1}},{"start":{},"end":{}}],"line":100}},"s":{"0":3,"1":3,"2":3,"3":3,"4":3,"5":3,"6":3,"7":3,"8":3,"9":3,"10":3,"11":3,"12":3,"13":3,"14":3,"15":3,"16":3,"17":3,"18":3,"19":0,"20":3,"21":3,"22":3,"23":3,"24":3,"25":3,"26":3,"27":3,"28":0,"29":3,"30":0,"31":0,"32":0,"33":0,"34":0,"35":0,"36":0,"37":0,"38":0,"39":0,"40":0,"41":0,"42":3,"43":0,"44":3},"f":{"0":0,"1":0,"2":0,"3":0},"b":{"0":[3,0],"1":[3,3],"2":[3,0],"3":[3,0],"4":[0,3],"5":[0,0],"6":[0,3]},"_coverageSchema":"1a1c01bbd47fc00a2c39e90264f33305004495a9","hash":"5daabdd4d4aa0cdf7931ac3099125e4b046b0d60"}
,"C:\\Users\\steve\\OneDrive\\Desktop\\AI-Powered Software Delivery Risk Intelligence Platform\\backend\\src\\jobs\\syncJob.js": {"path":"C:\\Users\\steve\\OneDrive\\Desktop\\AI-Powered Software Delivery Risk Intelligence Platform\\backend\\src\\jobs\\syncJob.js","statementMap":{"0":{"start":{"line":10,"column":13},"end":{"line":10,"column":33}},"1":{"start":{"line":11,"column":15},"end":{"line":11,"column":42}},"2":{"start":{"line":12,"column":16},"end":{"line":12,"column":44}},"3":{"start":{"line":13,"column":13},"end":{"line":13,"column":38}},"4":{"start":{"line":14,"column":20},"end":{"line":14,"column":52}},"5":{"start":{"line":15,"column":18},"end":{"line":15,"column":50}},"6":{"start":{"line":17,"column":21},"end":{"line":17,"column":26}},"7":{"start":{"line":24,"column":2},"end":{"line":24,"column":29}},"8":{"start":{"line":24,"column":22},"end":{"line":24,"column":29}},"9":{"start":{"line":25,"column":2},"end":{"line":25,"column":24}},"10":{"start":{"line":27,"column":2},"end":{"line":27,"column":50}},"11":{"start":{"line":30,"column":2},"end":{"line":52,"column":5}},"12":{"start":{"line":31,"column":4},"end":{"line":31,"column":74}},"13":{"start":{"line":32,"column":4},"end":{"line":51,"column":5}},"14":{"start":{"line":33,"column":23},"end":{"line":37,"column":8}},"15":{"start":{"line":39,"column":6},"end":{"line":39,"column":83}},"16":{"start":{"line":44,"column":6},"end":{"line":46,"column":7}},"17":{"start":{"line":45,"column":8},"end":{"line":45,"column":81}},"18":{"start":{"line":48,"column":6},"end":{"line":48,"column":86}},"19":{"start":{"line":50,"column":6},"end":{"line":50,"column":67}},"20":{"start":{"line":55,"column":2},"end":{"line":132,"column":5}},"21":{"start":{"line":56,"column":4},"end":{"line":56,"column":78}},"22":{"start":{"line":57,"column":4},"end":{"line":131,"column":5}},"23":{"start":{"line":58,"column":28},"end":{"line":59,"column":43}},"24":{"start":{"line":61,"column":21},"end":{"line":61,"column":22}},"25":{"start":{"line":62,"column":21},"end":{"line":62,"column":22}},"26":{"start":{"line":64,"column":6},"end":{"line":123,"column":7}},"27":{"start":{"line":65,"column":8},"end":{"line":122,"column":9}},"28":{"start":{"line":66,"column":27},"end":{"line":66,"column":62}},"29":{"start":{"line":68,"column":29},"end":{"line":94,"column":11}},"30":{"start":{"line":79,"column":56},"end":{"line":85,"column":13}},"31":{"start":{"line":86,"column":56},"end":{"line":92,"column":13}},"32":{"start":{"line":97,"column":22},"end":{"line":97,"column":70}},"33":{"start":{"line":98,"column":10},"end":{"line":104,"column":14}},"34":{"start":{"line":98,"column":53},"end":{"line":104,"column":11}},"35":{"start":{"line":106,"column":25},"end":{"line":106,"column":70}},"36":{"start":{"line":107,"column":10},"end":{"line":119,"column":11}},"37":{"start":{"line":108,"column":12},"end":{"line":108,"column":49}},"38":{"start":{"line":109,"column":12},"end":{"line":109,"column":49}},"39":{"start":{"line":110,"column":12},"end":{"line":112,"column":14}},"40":{"start":{"line":111,"column":21},"end":{"line":111,"column":52}},"41":{"start":{"line":113,"column":12},"end":{"line":113,"column":32}},"42":{"start":{"line":114,"column":12},"end":{"line":114,"column":23}},"43":{"start":{"line":116,"column":12},"end":{"line":118,"column":13}},"44":{"start":{"line":117,"column":14},"end":{"line":117,"column":25}},"45":{"start":{"line":121,"column":10},"end":{"line":121,"column":96}},"46":{"start":{"line":125,"column":6},"end":{"line":128,"column":8}},"47":{"start":{"line":130,"column":6},"end":{"line":130,"column":72}},"48":{"start":{"line":135,"column":2},"end":{"line":177,"column":5}},"49":{"start":{"line":136,"column":4},"end":{"line":136,"column":75}},"50":{"start":{"line":137,"column":4},"end":{"line":176,"column":5}},"51":{"start":{"line":138,"column":20},"end":{"line":138,"column":55}},"52":{"start":{"line":139,"column":21},"end":{"line":139,"column":22}},"53":{"start":{"line":141,"column":6},"end":{"line":171,"column":7}},"54":{"start":{"line":142,"column":8},"end":{"line":170,"column":9}},"55":{"start":{"line":143,"column":32},"end":{"line":146,"column":44}},"56":{"start":{"line":148,"column":10},"end":{"line":148,"column":51}},"57":{"start":{"line":148,"column":42},"end":{"line":148,"column":51}},"58":{"start":{"line":150,"column":33},"end":{"line":152,"column":11}},"59":{"start":{"line":151,"column":23},"end":{"line":151,"column":52}},"60":{"start":{"line":153,"column":31},"end":{"line":155,"column":11}},"61":{"start":{"line":154,"column":23},"end":{"line":154,"column":50}},"62":{"start":{"line":157,"column":25},"end":{"line":160,"column":12}},"63":{"start":{"line":162,"column":10},"end":{"line":167,"column":11}},"64":{"start":{"line":163,"column":12},"end":{"line":163,"column":23}},"65":{"start":{"line":164,"column":12},"end":{"line":166,"column":14}},"66":{"start":{"line":169,"column":10},"end":{"line":169,"column":93}},"67":{"start":{"line":173,"column":6},"end":{"line":173,"column":84}},"68":{"start":{"line":175,"column":6},"end":{"line":175,"column":72}},"69":{"start":{"line":179,"column":2},"end":{"line":179,"column":46}},"70":{"start":{"line":180,"column":2},"end":{"line":180,"column":49}},"71":{"start":{"line":181,"column":2},"end":{"line":181,"column":55}},"72":{"start":{"line":182,"column":2},"end":{"line":182,"column":57}},"73":{"start":{"line":185,"column":0},"end":{"line":185,"column":34}}},"fnMap":{"0":{"name":"registerJobs","decl":{"start":{"line":23,"column":9},"end":{"line":23,"column":21}},"loc":{"start":{"line":23,"column":24},"end":{"line":183,"column":1}},"line":23},"1":{"name":"(anonymous_1)","decl":{"start":{"line":30,"column":31},"end":{"line":30,"column":32}},"loc":{"start":{"line":30,"column":43},"end":{"line":52,"column":3}},"line":30},"2":{"name":"(anonymous_2)","decl":{"start":{"line":55,"column":32},"end":{"line":55,"column":33}},"loc":{"start":{"line":55,"column":44},"end":{"line":132,"column":3}},"line":55},"3":{"name":"(anonymous_3)","decl":{"start":{"line":79,"column":48},"end":{"line":79,"column":49}},"loc":{"start":{"line":79,"column":56},"end":{"line":85,"column":13}},"line":79},"4":{"name":"(anonymous_4)","decl":{"start":{"line":86,"column":48},"end":{"line":86,"column":49}},"loc":{"start":{"line":86,"column":56},"end":{"line":92,"column":13}},"line":86},"5":{"name":"(anonymous_5)","decl":{"start":{"line":98,"column":44},"end":{"line":98,"column":45}},"loc":{"start":{"line":98,"column":53},"end":{"line":104,"column":11}},"line":98},"6":{"name":"(anonymous_6)","decl":{"start":{"line":111,"column":14},"end":{"line":111,"column":15}},"loc":{"start":{"line":111,"column":21},"end":{"line":111,"column":52}},"line":111},"7":{"name":"(anonymous_7)","decl":{"start":{"line":135,"column":29},"end":{"line":135,"column":30}},"loc":{"start":{"line":135,"column":41},"end":{"line":177,"column":3}},"line":135},"8":{"name":"(anonymous_8)","decl":{"start":{"line":151,"column":12},"end":{"line":151,"column":13}},"loc":{"start":{"line":151,"column":23},"end":{"line":151,"column":52}},"line":151},"9":{"name":"(anonymous_9)","decl":{"start":{"line":154,"column":12},"end":{"line":154,"column":13}},"loc":{"start":{"line":154,"column":23},"end":{"line":154,"column":50}},"line":154}},"branchMap":{"0":{"loc":{"start":{"line":24,"column":2},"end":{"line":24,"column":29}},"type":"if","locations":[{"start":{"line":24,"column":2},"end":{"line":24,"column":29}},{"start":{},"end":{}}],"line":24},"1":{"loc":{"start":{"line":66,"column":27},"end":{"line":66,"column":62}},"type":"binary-expr","locations":[{"start":{"line":66,"column":27},"end":{"line":66,"column":57}},{"start":{"line":66,"column":61},"end":{"line":66,"column":62}}],"line":66},"2":{"loc":{"start":{"line":75,"column":27},"end":{"line":75,"column":52}},"type":"binary-expr","locations":[{"start":{"line":75,"column":27},"end":{"line":75,"column":47}},{"start":{"line":75,"column":51},"end":{"line":75,"column":52}}],"line":75},"3":{"loc":{"start":{"line":77,"column":27},"end":{"line":77,"column":52}},"type":"binary-expr","locations":[{"start":{"line":77,"column":27},"end":{"line":77,"column":47}},{"start":{"line":77,"column":51},"end":{"line":77,"column":52}}],"line":77},"4":{"loc":{"start":{"line":78,"column":29},"end":{"line":78,"column":56}},"type":"binary-expr","locations":[{"start":{"line":78,"column":29},"end":{"line":78,"column":51}},{"start":{"line":78,"column":55},"end":{"line":78,"column":56}}],"line":78},"5":{"loc":{"start":{"line":79,"column":22},"end":{"line":79,"column":42}},"type":"binary-expr","locations":[{"start":{"line":79,"column":22},"end":{"line":79,"column":36}},{"start":{"line":79,"column":40},"end":{"line":79,"column":42}}],"line":79},"6":{"loc":{"start":{"line":83,"column":30},"end":{"line":83,"column":55}},"type":"binary-expr","locations":[{"start":{"line":83,"column":30},"end":{"line":83,"column":46}},{"start":{"line":83,"column":50},"end":{"line":83,"column":55}}],"line":83},"7":{"loc":{"start":{"line":84,"column":29},"end":{"line":84,"column":49}},"type":"binary-expr","locations":[{"start":{"line":84,"column":29},"end":{"line":84,"column":44}},{"start":{"line":84,"column":48},"end":{"line":84,"column":49}}],"line":84},"8":{"loc":{"start":{"line":86,"column":22},"end":{"line":86,"column":42}},"type":"binary-expr","locations":[{"start":{"line":86,"column":22},"end":{"line":86,"column":36}},{"start":{"line":86,"column":40},"end":{"line":86,"column":42}}],"line":86},"9":{"loc":{"start":{"line":89,"column":25},"end":{"line":89,"column":41}},"type":"binary-expr","locations":[{"start":{"line":89,"column":25},"end":{"line":89,"column":36}},{"start":{"line":89,"column":40},"end":{"line":89,"column":41}}],"line":89},"10":{"loc":{"start":{"line":90,"column":25},"end":{"line":90,"column":41}},"type":"binary-expr","locations":[{"start":{"line":90,"column":25},"end":{"line":90,"column":36}},{"start":{"line":90,"column":40},"end":{"line":90,"column":41}}],"line":90},"11":{"loc":{"start":{"line":107,"column":10},"end":{"line":119,"column":11}},"type":"if","locations":[{"start":{"line":107,"column":10},"end":{"line":119,"column":11}},{"start":{},"end":{}}],"line":107},"12":{"loc":{"start":{"line":110,"column":34},"end":{"line":110,"column":59}},"type":"binary-expr","locations":[{"start":{"line":110,"column":34},"end":{"line":110,"column":53}},{"start":{"line":110,"column":57},"end":{"line":110,"column":59}}],"line":110},"13":{"loc":{"start":{"line":116,"column":12},"end":{"line":118,"column":13}},"type":"if","locations":[{"start":{"line":116,"column":12},"end":{"line":118,"column":13}},{"start":{},"end":{}}],"line":116},"14":{"loc":{"start":{"line":116,"column":16},"end":{"line":116,"column":80}},"type":"binary-expr","locations":[{"start":{"line":116,"column":16},"end":{"line":116,"column":44}},{"start":{"line":116,"column":48},"end":{"line":116,"column":80}}],"line":116},"15":{"loc":{"start":{"line":148,"column":10},"end":{"line":148,"column":51}},"type":"if","locations":[{"start":{"line":148,"column":10},"end":{"line":148,"column":51}},{"start":{},"end":{}}],"line":148},"16":{"loc":{"start":{"line":151,"column":28},"end":{"line":151,"column":51}},"type":"binary-expr","locations":[{"start":{"line":151,"column":28},"end":{"line":151,"column":46}},{"start":{"line":151,"column":50},"end":{"line":151,"column":51}}],"line":151},"17":{"loc":{"start":{"line":154,"column":28},"end":{"line":154,"column":49}},"type":"binary-expr","locations":[{"start":{"line":154,"column":28},"end":{"line":154,"column":44}},{"start":{"line":154,"column":48},"end":{"line":154,"column":49}}],"line":154},"18":{"loc":{"start":{"line":158,"column":36},"end":{"line":158,"column":88}},"type":"cond-expr","locations":[{"start":{"line":158,"column":55},"end":{"line":158,"column":84}},{"start":{"line":158,"column":87},"end":{"line":158,"column":88}}],"line":158},"19":{"loc":{"start":{"line":159,"column":23},"end":{"line":159,"column":48}},"type":"binary-expr","locations":[{"start":{"line":159,"column":23},"end":{"line":159,"column":43}},{"start":{"line":159,"column":47},"end":{"line":159,"column":48}}],"line":159},"20":{"loc":{"start":{"line":162,"column":10},"end":{"line":167,"column":11}},"type":"if","locations":[{"start":{"line":162,"column":10},"end":{"line":167,"column":11}},{"start":{},"end":{}}],"line":162}},"s":{"0":3,"1":3,"2":3,"3":3,"4":3,"5":3,"6":3,"7":0,"8":0,"9":0,"10":0,"11":0,"12":0,"13":0,"14":0,"15":0,"16":0,"17":0,"18":0,"19":0,"20":0,"21":0,"22":0,"23":0,"24":0,"25":0,"26":0,"27":0,"28":0,"29":0,"30":0,"31":0,"32":0,"33":0,"34":0,"35":0,"36":0,"37":0,"38":0,"39":0,"40":0,"41":0,"42":0,"43":0,"44":0,"45":0,"46":0,"47":0,"48":0,"49":0,"50":0,"51":0,"52":0,"53":0,"54":0,"55":0,"56":0,"57":0,"58":0,"59":0,"60":0,"61":0,"62":0,"63":0,"64":0,"65":0,"66":0,"67":0,"68":0,"69":0,"70":0,"71":0,"72":0,"73":3},"f":{"0":0,"1":0,"2":0,"3":0,"4":0,"5":0,"6":0,"7":0,"8":0,"9":0},"b":{"0":[0,0],"1":[0,0],"2":[0,0],"3":[0,0],"4":[0,0],"5":[0,0],"6":[0,0],"7":[0,0],"8":[0,0],"9":[0,0],"10":[0,0],"11":[0,0],"12":[0,0],"13":[0,0],"14":[0,0],"15":[0,0],"16":[0,0],"17":[0,0],"18":[0,0],"19":[0,0],"20":[0,0]},"_coverageSchema":"1a1c01bbd47fc00a2c39e90264f33305004495a9","hash":"7d85cbc70446b0f528edec5dcbd4028e6a5c065c"}
,"C:\\Users\\steve\\OneDrive\\Desktop\\AI-Powered Software Delivery Risk Intelligence Platform\\backend\\src\\middleware\\auth.js": {"path":"C:\\Users\\steve\\OneDrive\\Desktop\\AI-Powered Software Delivery Risk Intelligence Platform\\backend\\src\\middleware\\auth.js","statementMap":{"0":{"start":{"line":5,"column":12},"end":{"line":5,"column":35}},"1":{"start":{"line":6,"column":13},"end":{"line":6,"column":38}},"2":{"start":{"line":8,"column":19},"end":{"line":8,"column":91}},"3":{"start":{"line":11,"column":23},"end":{"line":11,"column":32}},"4":{"start":{"line":19,"column":2},"end":{"line":28,"column":4}},"5":{"start":{"line":35,"column":2},"end":{"line":86,"column":3}},"6":{"start":{"line":36,"column":23},"end":{"line":36,"column":48}},"7":{"start":{"line":37,"column":4},"end":{"line":42,"column":5}},"8":{"start":{"line":38,"column":6},"end":{"line":41,"column":9}},"9":{"start":{"line":44,"column":18},"end":{"line":44,"column":42}},"10":{"start":{"line":47,"column":4},"end":{"line":52,"column":5}},"11":{"start":{"line":48,"column":6},"end":{"line":51,"column":9}},"12":{"start":{"line":54,"column":20},"end":{"line":54,"column":49}},"13":{"start":{"line":57,"column":17},"end":{"line":57,"column":68}},"14":{"start":{"line":58,"column":4},"end":{"line":63,"column":5}},"15":{"start":{"line":59,"column":6},"end":{"line":62,"column":9}},"16":{"start":{"line":65,"column":4},"end":{"line":70,"column":5}},"17":{"start":{"line":66,"column":6},"end":{"line":69,"column":9}},"18":{"start":{"line":72,"column":4},"end":{"line":72,"column":20}},"19":{"start":{"line":73,"column":4},"end":{"line":73,"column":22}},"20":{"start":{"line":74,"column":4},"end":{"line":74,"column":11}},"21":{"start":{"line":76,"column":4},"end":{"line":81,"column":5}},"22":{"start":{"line":77,"column":6},"end":{"line":80,"column":9}},"23":{"start":{"line":82,"column":4},"end":{"line":85,"column":7}},"24":{"start":{"line":94,"column":2},"end":{"line":112,"column":4}},"25":{"start":{"line":95,"column":4},"end":{"line":100,"column":5}},"26":{"start":{"line":96,"column":6},"end":{"line":99,"column":9}},"27":{"start":{"line":102,"column":4},"end":{"line":109,"column":5}},"28":{"start":{"line":103,"column":6},"end":{"line":108,"column":9}},"29":{"start":{"line":111,"column":4},"end":{"line":111,"column":11}},"30":{"start":{"line":120,"column":2},"end":{"line":120,"column":28}},"31":{"start":{"line":123,"column":0},"end":{"line":128,"column":2}}},"fnMap":{"0":{"name":"generateToken","decl":{"start":{"line":18,"column":9},"end":{"line":18,"column":22}},"loc":{"start":{"line":18,"column":29},"end":{"line":29,"column":1}},"line":18},"1":{"name":"verifyToken","decl":{"start":{"line":34,"column":15},"end":{"line":34,"column":26}},"loc":{"start":{"line":34,"column":43},"end":{"line":87,"column":1}},"line":34},"2":{"name":"requireRole","decl":{"start":{"line":93,"column":9},"end":{"line":93,"column":20}},"loc":{"start":{"line":93,"column":28},"end":{"line":113,"column":1}},"line":93},"3":{"name":"(anonymous_3)","decl":{"start":{"line":94,"column":9},"end":{"line":94,"column":10}},"loc":{"start":{"line":94,"column":29},"end":{"line":112,"column":3}},"line":94},"4":{"name":"blacklistToken","decl":{"start":{"line":119,"column":9},"end":{"line":119,"column":23}},"loc":{"start":{"line":119,"column":31},"end":{"line":121,"column":1}},"line":119}},"branchMap":{"0":{"loc":{"start":{"line":8,"column":19},"end":{"line":8,"column":91}},"type":"binary-expr","locations":[{"start":{"line":8,"column":19},"end":{"line":8,"column":41}},{"start":{"line":8,"column":45},"end":{"line":8,"column":91}}],"line":8},"1":{"loc":{"start":{"line":27,"column":17},"end":{"line":27,"column":51}},"type":"binary-expr","locations":[{"start":{"line":27,"column":17},"end":{"line":27,"column":43}},{"start":{"line":27,"column":47},"end":{"line":27,"column":51}}],"line":27},"2":{"loc":{"start":{"line":37,"column":4},"end":{"line":42,"column":5}},"type":"if","locations":[{"start":{"line":37,"column":4},"end":{"line":42,"column":5}},{"start":{},"end":{}}],"line":37},"3":{"loc":{"start":{"line":37,"column":8},"end":{"line":37,"column":56}},"type":"binary-expr","locations":[{"start":{"line":37,"column":8},"end":{"line":37,"column":19}},{"start":{"line":37,"column":23},"end":{"line":37,"column":56}}],"line":37},"4":{"loc":{"start":{"line":47,"column":4},"end":{"line":52,"column":5}},"type":"if","locations":[{"start":{"line":47,"column":4},"end":{"line":52,"column":5}},{"start":{},"end":{}}],"line":47},"5":{"loc":{"start":{"line":58,"column":4},"end":{"line":63,"column":5}},"type":"if","locations":[{"start":{"line":58,"column":4},"end":{"line":63,"column":5}},{"start":{},"end":{}}],"line":58},"6":{"loc":{"start":{"line":65,"column":4},"end":{"line":70,"column":5}},"type":"if","locations":[{"start":{"line":65,"column":4},"end":{"line":70,"column":5}},{"start":{},"end":{}}],"line":65},"7":{"loc":{"start":{"line":76,"column":4},"end":{"line":81,"column":5}},"type":"if","locations":[{"start":{"line":76,"column":4},"end":{"line":81,"column":5}},{"start":{},"end":{}}],"line":76},"8":{"loc":{"start":{"line":95,"column":4},"end":{"line":100,"column":5}},"type":"if","locations":[{"start":{"line":95,"column":4},"end":{"line":100,"column":5}},{"start":{},"end":{}}],"line":95},"9":{"loc":{"start":{"line":102,"column":4},"end":{"line":109,"column":5}},"type":"if","locations":[{"start":{"line":102,"column":4},"end":{"line":109,"column":5}},{"start":{},"end":{}}],"line":102}},"s":{"0":3,"1":3,"2":3,"3":3,"4":2,"5":6,"6":6,"7":6,"8":0,"9":6,"10":6,"11":0,"12":6,"13":6,"14":6,"15":0,"16":6,"17":0,"18":6,"19":6,"20":6,"21":0,"22":0,"23":0,"24":21,"25":1,"26":0,"27":1,"28":0,"29":1,"30":0,"31":3},"f":{"0":2,"1":6,"2":21,"3":1,"4":0},"b":{"0":[3,0],"1":[2,0],"2":[0,6],"3":[6,6],"4":[0,6],"5":[0,6],"6":[0,6],"7":[0,0],"8":[0,1],"9":[0,1]},"_coverageSchema":"1a1c01bbd47fc00a2c39e90264f33305004495a9","hash":"028bca91105fec5e90db8c7a9d3fcb41884b00a2"}
,"C:\\Users\\steve\\OneDrive\\Desktop\\AI-Powered Software Delivery Risk Intelligence Platform\\backend\\src\\middleware\\errorHandler.js": {"path":"C:\\Users\\steve\\OneDrive\\Desktop\\AI-Powered Software Delivery Risk Intelligence Platform\\backend\\src\\middleware\\errorHandler.js","statementMap":{"0":{"start":{"line":10,"column":19},"end":{"line":10,"column":40}},"1":{"start":{"line":11,"column":16},"end":{"line":11,"column":54}},"2":{"start":{"line":14,"column":2},"end":{"line":18,"column":3}},"3":{"start":{"line":15,"column":4},"end":{"line":15,"column":21}},"4":{"start":{"line":16,"column":19},"end":{"line":16,"column":66}},"5":{"start":{"line":16,"column":56},"end":{"line":16,"column":65}},"6":{"start":{"line":17,"column":4},"end":{"line":17,"column":56}},"7":{"start":{"line":21,"column":2},"end":{"line":25,"column":3}},"8":{"start":{"line":22,"column":4},"end":{"line":22,"column":21}},"9":{"start":{"line":23,"column":18},"end":{"line":23,"column":46}},"10":{"start":{"line":24,"column":4},"end":{"line":24,"column":52}},"11":{"start":{"line":28,"column":2},"end":{"line":31,"column":3}},"12":{"start":{"line":29,"column":4},"end":{"line":29,"column":21}},"13":{"start":{"line":30,"column":4},"end":{"line":30,"column":60}},"14":{"start":{"line":34,"column":2},"end":{"line":37,"column":3}},"15":{"start":{"line":35,"column":4},"end":{"line":35,"column":21}},"16":{"start":{"line":36,"column":4},"end":{"line":36,"column":45}},"17":{"start":{"line":39,"column":2},"end":{"line":42,"column":3}},"18":{"start":{"line":40,"column":4},"end":{"line":40,"column":21}},"19":{"start":{"line":41,"column":4},"end":{"line":41,"column":49}},"20":{"start":{"line":45,"column":2},"end":{"line":53,"column":3}},"21":{"start":{"line":46,"column":4},"end":{"line":52,"column":7}},"22":{"start":{"line":56,"column":2},"end":{"line":65,"column":5}},"23":{"start":{"line":68,"column":0},"end":{"line":68,"column":30}}},"fnMap":{"0":{"name":"errorHandler","decl":{"start":{"line":8,"column":9},"end":{"line":8,"column":21}},"loc":{"start":{"line":8,"column":43},"end":{"line":66,"column":1}},"line":8},"1":{"name":"(anonymous_1)","decl":{"start":{"line":16,"column":49},"end":{"line":16,"column":50}},"loc":{"start":{"line":16,"column":56},"end":{"line":16,"column":65}},"line":16}},"branchMap":{"0":{"loc":{"start":{"line":10,"column":19},"end":{"line":10,"column":40}},"type":"binary-expr","locations":[{"start":{"line":10,"column":19},"end":{"line":10,"column":33}},{"start":{"line":10,"column":37},"end":{"line":10,"column":40}}],"line":10},"1":{"loc":{"start":{"line":11,"column":16},"end":{"line":11,"column":54}},"type":"binary-expr","locations":[{"start":{"line":11,"column":16},"end":{"line":11,"column":27}},{"start":{"line":11,"column":31},"end":{"line":11,"column":54}}],"line":11},"2":{"loc":{"start":{"line":14,"column":2},"end":{"line":18,"column":3}},"type":"if","locations":[{"start":{"line":14,"column":2},"end":{"line":18,"column":3}},{"start":{},"end":{}}],"line":14},"3":{"loc":{"start":{"line":21,"column":2},"end":{"line":25,"column":3}},"type":"if","locations":[{"start":{"line":21,"column":2},"end":{"line":25,"column":3}},{"start":{},"end":{}}],"line":21},"4":{"loc":{"start":{"line":28,"column":2},"end":{"line":31,"column":3}},"type":"if","locations":[{"start":{"line":28,"column":2},"end":{"line":31,"column":3}},{"start":{},"end":{}}],"line":28},"5":{"loc":{"start":{"line":34,"column":2},"end":{"line":37,"column":3}},"type":"if","locations":[{"start":{"line":34,"column":2},"end":{"line":37,"column":3}},{"start":{},"end":{}}],"line":34},"6":{"loc":{"start":{"line":39,"column":2},"end":{"line":42,"column":3}},"type":"if","locations":[{"start":{"line":39,"column":2},"end":{"line":42,"column":3}},{"start":{},"end":{}}],"line":39},"7":{"loc":{"start":{"line":45,"column":2},"end":{"line":53,"column":3}},"type":"if","locations":[{"start":{"line":45,"column":2},"end":{"line":53,"column":3}},{"start":{},"end":{}}],"line":45},"8":{"loc":{"start":{"line":61,"column":10},"end":{"line":61,"column":71}},"type":"binary-expr","locations":[{"start":{"line":61,"column":10},"end":{"line":61,"column":47}},{"start":{"line":61,"column":51},"end":{"line":61,"column":71}}],"line":61}},"s":{"0":0,"1":0,"2":0,"3":0,"4":0,"5":0,"6":0,"7":0,"8":0,"9":0,"10":0,"11":0,"12":0,"13":0,"14":0,"15":0,"16":0,"17":0,"18":0,"19":0,"20":0,"21":0,"22":0,"23":3},"f":{"0":0,"1":0},"b":{"0":[0,0],"1":[0,0],"2":[0,0],"3":[0,0],"4":[0,0],"5":[0,0],"6":[0,0],"7":[0,0],"8":[0,0]},"_coverageSchema":"1a1c01bbd47fc00a2c39e90264f33305004495a9","hash":"128962e5499a1ac61e3fb57e3b915a8bbcb1d9ae"}
,"C:\\Users\\steve\\OneDrive\\Desktop\\AI-Powered Software Delivery Risk Intelligence Platform\\backend\\src\\models\\Project.js": {"path":"C:\\Users\\steve\\OneDrive\\Desktop\\AI-Powered Software Delivery Risk Intelligence Platform\\backend\\src\\models\\Project.js","statementMap":{"0":{"start":{"line":1,"column":17},"end":{"line":1,"column":36}},"1":{"start":{"line":8,"column":22},"end":{"line":93,"column":1}},"2":{"start":{"line":96,"column":0},"end":{"line":96,"column":35}},"3":{"start":{"line":97,"column":0},"end":{"line":97,"column":54}},"4":{"start":{"line":99,"column":0},"end":{"line":99,"column":58}}},"fnMap":{},"branchMap":{},"s":{"0":3,"1":3,"2":3,"3":3,"4":3},"f":{},"b":{},"_coverageSchema":"1a1c01bbd47fc00a2c39e90264f33305004495a9","hash":"d99e7658d02202857f5262ab4a4d5c6f38b4a103"}
,"C:\\Users\\steve\\OneDrive\\Desktop\\AI-Powered Software Delivery Risk Intelligence Platform\\backend\\src\\models\\PullRequest.js": {"path":"C:\\Users\\steve\\OneDrive\\Desktop\\AI-Powered Software Delivery Risk Intelligence Platform\\backend\\src\\models\\PullRequest.js","statementMap":{"0":{"start":{"line":1,"column":17},"end":{"line":1,"column":36}},"1":{"start":{"line":8,"column":26},"end":{"line":126,"column":1}},"2":{"start":{"line":129,"column":0},"end":{"line":148,"column":3}},"3":{"start":{"line":131,"column":2},"end":{"line":131,"column":61}},"4":{"start":{"line":134,"column":2},"end":{"line":145,"column":3}},"5":{"start":{"line":135,"column":25},"end":{"line":135,"column":83}},"6":{"start":{"line":136,"column":4},"end":{"line":138,"column":6}},"7":{"start":{"line":137,"column":6},"end":{"line":137,"column":35}},"8":{"start":{"line":141,"column":25},"end":{"line":141,"column":78}},"9":{"start":{"line":142,"column":4},"end":{"line":144,"column":6}},"10":{"start":{"line":143,"column":6},"end":{"line":143,"column":35}},"11":{"start":{"line":147,"column":2},"end":{"line":147,"column":9}},"12":{"start":{"line":151,"column":0},"end":{"line":151,"column":41}},"13":{"start":{"line":152,"column":0},"end":{"line":152,"column":53}},"14":{"start":{"line":153,"column":0},"end":{"line":153,"column":42}},"15":{"start":{"line":154,"column":0},"end":{"line":154,"column":39}},"16":{"start":{"line":155,"column":0},"end":{"line":155,"column":39}},"17":{"start":{"line":156,"column":0},"end":{"line":156,"column":43}},"18":{"start":{"line":158,"column":0},"end":{"line":158,"column":66}}},"fnMap":{"0":{"name":"(anonymous_0)","decl":{"start":{"line":129,"column":30},"end":{"line":129,"column":31}},"loc":{"start":{"line":129,"column":46},"end":{"line":148,"column":1}},"line":129},"1":{"name":"(anonymous_1)","decl":{"start":{"line":136,"column":51},"end":{"line":136,"column":52}},"loc":{"start":{"line":137,"column":6},"end":{"line":137,"column":35}},"line":137},"2":{"name":"(anonymous_2)","decl":{"start":{"line":142,"column":43},"end":{"line":142,"column":44}},"loc":{"start":{"line":143,"column":6},"end":{"line":143,"column":35}},"line":143}},"branchMap":{"0":{"loc":{"start":{"line":134,"column":2},"end":{"line":145,"column":3}},"type":"if","locations":[{"start":{"line":134,"column":2},"end":{"line":145,"column":3}},{"start":{},"end":{}}],"line":134},"1":{"loc":{"start":{"line":134,"column":6},"end":{"line":134,"column":55}},"type":"binary-expr","locations":[{"start":{"line":134,"column":6},"end":{"line":134,"column":23}},{"start":{"line":134,"column":27},"end":{"line":134,"column":55}}],"line":134}},"s":{"0":3,"1":3,"2":3,"3":0,"4":0,"5":0,"6":0,"7":0,"8":0,"9":0,"10":0,"11":0,"12":3,"13":3,"14":3,"15":3,"16":3,"17":3,"18":3},"f":{"0":0,"1":0,"2":0},"b":{"0":[0,0],"1":[0,0]},"_coverageSchema":"1a1c01bbd47fc00a2c39e90264f33305004495a9","hash":"759510f4e6af20059ddffe6095610d052c8cfd0e"}
,"C:\\Users\\steve\\OneDrive\\Desktop\\AI-Powered Software Delivery Risk Intelligence Platform\\backend\\src\\models\\Sprint.js": {"path":"C:\\Users\\steve\\OneDrive\\Desktop\\AI-Powered Software Delivery Risk Intelligence Platform\\backend\\src\\models\\Sprint.js","statementMap":{"0":{"start":{"line":1,"column":17},"end":{"line":1,"column":36}},"1":{"start":{"line":9,"column":21},"end":{"line":32,"column":1}},"2":{"start":{"line":34,"column":28},"end":{"line":45,"column":1}},"3":{"start":{"line":47,"column":24},"end":{"line":59,"column":1}},"4":{"start":{"line":61,"column":21},"end":{"line":156,"column":1}},"5":{"start":{"line":159,"column":0},"end":{"line":159,"column":45}},"6":{"start":{"line":160,"column":0},"end":{"line":160,"column":34}},"7":{"start":{"line":161,"column":0},"end":{"line":161,"column":34}},"8":{"start":{"line":162,"column":0},"end":{"line":162,"column":52}},"9":{"start":{"line":163,"column":0},"end":{"line":163,"column":38}},"10":{"start":{"line":166,"column":0},"end":{"line":169,"column":3}},"11":{"start":{"line":167,"column":2},"end":{"line":167,"column":41}},"12":{"start":{"line":167,"column":32},"end":{"line":167,"column":41}},"13":{"start":{"line":168,"column":2},"end":{"line":168,"column":71}},"14":{"start":{"line":172,"column":0},"end":{"line":177,"column":3}},"15":{"start":{"line":173,"column":14},"end":{"line":173,"column":24}},"16":{"start":{"line":174,"column":14},"end":{"line":174,"column":36}},"17":{"start":{"line":175,"column":15},"end":{"line":175,"column":61}},"18":{"start":{"line":176,"column":2},"end":{"line":176,"column":27}},"19":{"start":{"line":179,"column":0},"end":{"line":179,"column":47}},"20":{"start":{"line":180,"column":0},"end":{"line":180,"column":49}},"21":{"start":{"line":182,"column":0},"end":{"line":182,"column":56}}},"fnMap":{"0":{"name":"(anonymous_0)","decl":{"start":{"line":166,"column":49},"end":{"line":166,"column":50}},"loc":{"start":{"line":166,"column":61},"end":{"line":169,"column":1}},"line":166},"1":{"name":"(anonymous_1)","decl":{"start":{"line":172,"column":42},"end":{"line":172,"column":43}},"loc":{"start":{"line":172,"column":54},"end":{"line":177,"column":1}},"line":172}},"branchMap":{"0":{"loc":{"start":{"line":167,"column":2},"end":{"line":167,"column":41}},"type":"if","locations":[{"start":{"line":167,"column":2},"end":{"line":167,"column":41}},{"start":{},"end":{}}],"line":167}},"s":{"0":3,"1":3,"2":3,"3":3,"4":3,"5":3,"6":3,"7":3,"8":3,"9":3,"10":3,"11":0,"12":0,"13":0,"14":3,"15":0,"16":0,"17":0,"18":0,"19":3,"20":3,"21":3},"f":{"0":0,"1":0},"b":{"0":[0,0]},"_coverageSchema":"1a1c01bbd47fc00a2c39e90264f33305004495a9","hash":"a96b254267b720409fbc0533fb3069a0f9341440"}
,"C:\\Users\\steve\\OneDrive\\Desktop\\AI-Powered Software Delivery Risk Intelligence Platform\\backend\\src\\models\\Team.js": {"path":"C:\\Users\\steve\\OneDrive\\Desktop\\AI-Powered Software Delivery Risk Intelligence Platform\\backend\\src\\models\\Team.js","statementMap":{"0":{"start":{"line":1,"column":17},"end":{"line":1,"column":36}},"1":{"start":{"line":8,"column":19},"end":{"line":68,"column":1}},"2":{"start":{"line":71,"column":0},"end":{"line":73,"column":3}},"3":{"start":{"line":72,"column":2},"end":{"line":72,"column":48}},"4":{"start":{"line":76,"column":0},"end":{"line":76,"column":45}},"5":{"start":{"line":77,"column":0},"end":{"line":77,"column":47}},"6":{"start":{"line":79,"column":0},"end":{"line":79,"column":52}}},"fnMap":{"0":{"name":"(anonymous_0)","decl":{"start":{"line":71,"column":38},"end":{"line":71,"column":39}},"loc":{"start":{"line":71,"column":50},"end":{"line":73,"column":1}},"line":71}},"branchMap":{"0":{"loc":{"start":{"line":72,"column":9},"end":{"line":72,"column":47}},"type":"cond-expr","locations":[{"start":{"line":72,"column":24},"end":{"line":72,"column":43}},{"start":{"line":72,"column":46},"end":{"line":72,"column":47}}],"line":72}},"s":{"0":3,"1":3,"2":3,"3":0,"4":3,"5":3,"6":3},"f":{"0":0},"b":{"0":[0,0]},"_coverageSchema":"1a1c01bbd47fc00a2c39e90264f33305004495a9","hash":"3c4f048425771bb53aa72dc20bd32257117cdd43"}
,"C:\\Users\\steve\\OneDrive\\Desktop\\AI-Powered Software Delivery Risk Intelligence Platform\\backend\\src\\models\\User.js": {"path":"C:\\Users\\steve\\OneDrive\\Desktop\\AI-Powered Software Delivery Risk Intelligence Platform\\backend\\src\\models\\User.js","statementMap":{"0":{"start":{"line":1,"column":17},"end":{"line":1,"column":36}},"1":{"start":{"line":2,"column":15},"end":{"line":2,"column":34}},"2":{"start":{"line":9,"column":19},"end":{"line":63,"column":1}},"3":{"start":{"line":66,"column":0},"end":{"line":77,"column":3}},"4":{"start":{"line":68,"column":2},"end":{"line":68,"column":50}},"5":{"start":{"line":68,"column":36},"end":{"line":68,"column":50}},"6":{"start":{"line":70,"column":2},"end":{"line":76,"column":3}},"7":{"start":{"line":71,"column":17},"end":{"line":71,"column":41}},"8":{"start":{"line":72,"column":4},"end":{"line":72,"column":59}},"9":{"start":{"line":73,"column":4},"end":{"line":73,"column":11}},"10":{"start":{"line":75,"column":4},"end":{"line":75,"column":16}},"11":{"start":{"line":80,"column":0},"end":{"line":82,"column":2}},"12":{"start":{"line":81,"column":2},"end":{"line":81,"column":58}},"13":{"start":{"line":85,"column":0},"end":{"line":89,"column":2}},"14":{"start":{"line":86,"column":14},"end":{"line":86,"column":29}},"15":{"start":{"line":87,"column":2},"end":{"line":87,"column":22}},"16":{"start":{"line":88,"column":2},"end":{"line":88,"column":13}},"17":{"start":{"line":91,"column":0},"end":{"line":91,"column":52}}},"fnMap":{"0":{"name":"(anonymous_0)","decl":{"start":{"line":66,"column":23},"end":{"line":66,"column":24}},"loc":{"start":{"line":66,"column":45},"end":{"line":77,"column":1}},"line":66},"1":{"name":"(anonymous_1)","decl":{"start":{"line":80,"column":37},"end":{"line":80,"column":38}},"loc":{"start":{"line":80,"column":72},"end":{"line":82,"column":1}},"line":80},"2":{"name":"(anonymous_2)","decl":{"start":{"line":85,"column":34},"end":{"line":85,"column":35}},"loc":{"start":{"line":85,"column":46},"end":{"line":89,"column":1}},"line":85}},"branchMap":{"0":{"loc":{"start":{"line":68,"column":2},"end":{"line":68,"column":50}},"type":"if","locations":[{"start":{"line":68,"column":2},"end":{"line":68,"column":50}},{"start":{},"end":{}}],"line":68}},"s":{"0":3,"1":3,"2":3,"3":3,"4":0,"5":0,"6":0,"7":0,"8":0,"9":0,"10":0,"11":3,"12":0,"13":3,"14":0,"15":0,"16":0,"17":3},"f":{"0":0,"1":0,"2":0},"b":{"0":[0,0]},"_coverageSchema":"1a1c01bbd47fc00a2c39e90264f33305004495a9","hash":"c171a2080373242e1104a538887ea23e5d386f3f"}
,"C:\\Users\\steve\\OneDrive\\Desktop\\AI-Powered Software Delivery Risk Intelligence Platform\\backend\\src\\routes\\analytics.js": {"path":"C:\\Users\\steve\\OneDrive\\Desktop\\AI-Powered Software Delivery Risk Intelligence Platform\\backend\\src\\routes\\analytics.js","statementMap":{"0":{"start":{"line":5,"column":16},"end":{"line":5,"column":34}},"1":{"start":{"line":6,"column":15},"end":{"line":6,"column":31}},"2":{"start":{"line":7,"column":15},"end":{"line":7,"column":42}},"3":{"start":{"line":8,"column":16},"end":{"line":8,"column":44}},"4":{"start":{"line":9,"column":13},"end":{"line":9,"column":38}},"5":{"start":{"line":10,"column":20},"end":{"line":10,"column":52}},"6":{"start":{"line":11,"column":24},"end":{"line":11,"column":53}},"7":{"start":{"line":12,"column":18},"end":{"line":12,"column":50}},"8":{"start":{"line":13,"column":28},"end":{"line":13,"column":51}},"9":{"start":{"line":14,"column":14},"end":{"line":14,"column":49}},"10":{"start":{"line":16,"column":0},"end":{"line":16,"column":24}},"11":{"start":{"line":19,"column":0},"end":{"line":97,"column":3}},"12":{"start":{"line":20,"column":2},"end":{"line":96,"column":3}},"13":{"start":{"line":21,"column":31},"end":{"line":21,"column":41}},"14":{"start":{"line":22,"column":21},"end":{"line":22,"column":50}},"15":{"start":{"line":23,"column":23},"end":{"line":23,"column":42}},"16":{"start":{"line":24,"column":4},"end":{"line":26,"column":5}},"17":{"start":{"line":25,"column":6},"end":{"line":25,"column":59}},"18":{"start":{"line":29,"column":18},"end":{"line":29,"column":69}},"19":{"start":{"line":30,"column":20},"end":{"line":30,"column":43}},"20":{"start":{"line":30,"column":37},"end":{"line":30,"column":42}},"21":{"start":{"line":33,"column":21},"end":{"line":36,"column":6}},"22":{"start":{"line":37,"column":23},"end":{"line":37,"column":49}},"23":{"start":{"line":37,"column":43},"end":{"line":37,"column":48}},"24":{"start":{"line":40,"column":26},"end":{"line":43,"column":63}},"25":{"start":{"line":46,"column":29},"end":{"line":46,"column":85}},"26":{"start":{"line":47,"column":4},"end":{"line":53,"column":5}},"27":{"start":{"line":48,"column":6},"end":{"line":52,"column":7}},"28":{"start":{"line":49,"column":8},"end":{"line":49,"column":45}},"29":{"start":{"line":51,"column":8},"end":{"line":51,"column":36}},"30":{"start":{"line":56,"column":28},"end":{"line":68,"column":9}},"31":{"start":{"line":57,"column":21},"end":{"line":57,"column":70}},"32":{"start":{"line":58,"column":22},"end":{"line":58,"column":61}},"33":{"start":{"line":60,"column":19},"end":{"line":68,"column":7}},"34":{"start":{"line":71,"column":26},"end":{"line":71,"column":74}},"35":{"start":{"line":71,"column":54},"end":{"line":71,"column":73}},"36":{"start":{"line":72,"column":25},"end":{"line":74,"column":9}},"37":{"start":{"line":73,"column":52},"end":{"line":73,"column":69}},"38":{"start":{"line":76,"column":27},"end":{"line":76,"column":58}},"39":{"start":{"line":78,"column":23},"end":{"line":86,"column":5}},"40":{"start":{"line":88,"column":4},"end":{"line":88,"column":41}},"41":{"start":{"line":90,"column":4},"end":{"line":93,"column":7}},"42":{"start":{"line":95,"column":4},"end":{"line":95,"column":16}},"43":{"start":{"line":100,"column":0},"end":{"line":324,"column":3}},"44":{"start":{"line":101,"column":2},"end":{"line":323,"column":3}},"45":{"start":{"line":102,"column":23},"end":{"line":102,"column":33}},"46":{"start":{"line":103,"column":21},"end":{"line":103,"column":42}},"47":{"start":{"line":104,"column":23},"end":{"line":104,"column":42}},"48":{"start":{"line":105,"column":4},"end":{"line":107,"column":5}},"49":{"start":{"line":106,"column":6},"end":{"line":106,"column":59}},"50":{"start":{"line":109,"column":17},"end":{"line":109,"column":44}},"51":{"start":{"line":110,"column":4},"end":{"line":115,"column":5}},"52":{"start":{"line":111,"column":6},"end":{"line":114,"column":9}},"53":{"start":{"line":118,"column":26},"end":{"line":121,"column":38}},"54":{"start":{"line":124,"column":27},"end":{"line":124,"column":92}},"55":{"start":{"line":124,"column":59},"end":{"line":124,"column":88}},"56":{"start":{"line":125,"column":25},"end":{"line":125,"column":88}},"57":{"start":{"line":125,"column":57},"end":{"line":125,"column":84}},"58":{"start":{"line":126,"column":27},"end":{"line":126,"column":79}},"59":{"start":{"line":129,"column":22},"end":{"line":131,"column":6}},"60":{"start":{"line":130,"column":48},"end":{"line":130,"column":53}},"61":{"start":{"line":132,"column":25},"end":{"line":139,"column":10}},"62":{"start":{"line":134,"column":10},"end":{"line":136,"column":11}},"63":{"start":{"line":135,"column":12},"end":{"line":135,"column":91}},"64":{"start":{"line":137,"column":10},"end":{"line":137,"column":19}},"65":{"start":{"line":140,"column":25},"end":{"line":142,"column":10}},"66":{"start":{"line":141,"column":36},"end":{"line":141,"column":64}},"67":{"start":{"line":145,"column":23},"end":{"line":145,"column":24}},"68":{"start":{"line":146,"column":25},"end":{"line":146,"column":26}},"69":{"start":{"line":147,"column":28},"end":{"line":147,"column":29}},"70":{"start":{"line":148,"column":26},"end":{"line":148,"column":27}},"71":{"start":{"line":150,"column":4},"end":{"line":165,"column":5}},"72":{"start":{"line":151,"column":6},"end":{"line":164,"column":7}},"73":{"start":{"line":152,"column":8},"end":{"line":163,"column":9}},"74":{"start":{"line":153,"column":10},"end":{"line":153,"column":25}},"75":{"start":{"line":154,"column":10},"end":{"line":156,"column":11}},"76":{"start":{"line":155,"column":12},"end":{"line":155,"column":29}},"77":{"start":{"line":157,"column":10},"end":{"line":159,"column":11}},"78":{"start":{"line":158,"column":12},"end":{"line":158,"column":32}},"79":{"start":{"line":160,"column":10},"end":{"line":162,"column":11}},"80":{"start":{"line":161,"column":12},"end":{"line":161,"column":30}},"81":{"start":{"line":167,"column":31},"end":{"line":167,"column":85}},"82":{"start":{"line":168,"column":28},"end":{"line":168,"column":85}},"83":{"start":{"line":169,"column":23},"end":{"line":169,"column":78}},"84":{"start":{"line":172,"column":23},"end":{"line":172,"column":90}},"85":{"start":{"line":172,"column":57},"end":{"line":172,"column":86}},"86":{"start":{"line":173,"column":25},"end":{"line":173,"column":91}},"87":{"start":{"line":176,"column":25},"end":{"line":176,"column":81}},"88":{"start":{"line":177,"column":23},"end":{"line":177,"column":64}},"89":{"start":{"line":177,"column":47},"end":{"line":177,"column":63}},"90":{"start":{"line":178,"column":26},"end":{"line":178,"column":30}},"91":{"start":{"line":180,"column":4},"end":{"line":195,"column":5}},"92":{"start":{"line":181,"column":6},"end":{"line":194,"column":7}},"93":{"start":{"line":182,"column":21},"end":{"line":182,"column":38}},"94":{"start":{"line":183,"column":25},"end":{"line":188,"column":9}},"95":{"start":{"line":189,"column":8},"end":{"line":191,"column":9}},"96":{"start":{"line":190,"column":10},"end":{"line":190,"column":70}},"97":{"start":{"line":193,"column":8},"end":{"line":193,"column":99}},"98":{"start":{"line":198,"column":31},"end":{"line":198,"column":35}},"99":{"start":{"line":199,"column":28},"end":{"line":199,"column":32}},"100":{"start":{"line":200,"column":22},"end":{"line":200,"column":26}},"101":{"start":{"line":202,"column":4},"end":{"line":234,"column":5}},"102":{"start":{"line":203,"column":23},"end":{"line":203,"column":95}},"103":{"start":{"line":204,"column":25},"end":{"line":204,"column":49}},"104":{"start":{"line":204,"column":43},"end":{"line":204,"column":48}},"105":{"start":{"line":206,"column":25},"end":{"line":209,"column":8}},"106":{"start":{"line":211,"column":6},"end":{"line":231,"column":7}},"107":{"start":{"line":212,"column":34},"end":{"line":212,"column":96}},"108":{"start":{"line":212,"column":63},"end":{"line":212,"column":92}},"109":{"start":{"line":213,"column":32},"end":{"line":213,"column":92}},"110":{"start":{"line":213,"column":61},"end":{"line":213,"column":88}},"111":{"start":{"line":214,"column":8},"end":{"line":214,"column":96}},"112":{"start":{"line":216,"column":30},"end":{"line":216,"column":90}},"113":{"start":{"line":216,"column":59},"end":{"line":216,"column":86}},"114":{"start":{"line":217,"column":8},"end":{"line":217,"column":56}},"115":{"start":{"line":220,"column":23},"end":{"line":222,"column":10}},"116":{"start":{"line":221,"column":47},"end":{"line":221,"column":52}},"117":{"start":{"line":223,"column":8},"end":{"line":230,"column":9}},"118":{"start":{"line":224,"column":10},"end":{"line":229,"column":32}},"119":{"start":{"line":225,"column":12},"end":{"line":227,"column":13}},"120":{"start":{"line":226,"column":14},"end":{"line":226,"column":93}},"121":{"start":{"line":228,"column":12},"end":{"line":228,"column":21}},"122":{"start":{"line":233,"column":6},"end":{"line":233,"column":82}},"123":{"start":{"line":237,"column":27},"end":{"line":237,"column":80}},"124":{"start":{"line":237,"column":50},"end":{"line":237,"column":72}},"125":{"start":{"line":238,"column":24},"end":{"line":238,"column":87}},"126":{"start":{"line":240,"column":27},"end":{"line":256,"column":5}},"127":{"start":{"line":259,"column":19},"end":{"line":259,"column":67}},"128":{"start":{"line":262,"column":4},"end":{"line":289,"column":5}},"129":{"start":{"line":263,"column":6},"end":{"line":288,"column":7}},"130":{"start":{"line":264,"column":21},"end":{"line":264,"column":38}},"131":{"start":{"line":265,"column":20},"end":{"line":265,"column":30}},"132":{"start":{"line":266,"column":23},"end":{"line":266,"column":85}},"133":{"start":{"line":268,"column":8},"end":{"line":285,"column":10}},"134":{"start":{"line":287,"column":8},"end":{"line":287,"column":84}},"135":{"start":{"line":292,"column":18},"end":{"line":292,"column":20}},"136":{"start":{"line":293,"column":4},"end":{"line":304,"column":5}},"137":{"start":{"line":294,"column":19},"end":{"line":294,"column":36}},"138":{"start":{"line":295,"column":28},"end":{"line":300,"column":7}},"139":{"start":{"line":301,"column":6},"end":{"line":301,"column":35}},"140":{"start":{"line":303,"column":6},"end":{"line":303,"column":77}},"141":{"start":{"line":306,"column":23},"end":{"line":313,"column":5}},"142":{"start":{"line":315,"column":4},"end":{"line":315,"column":41}},"143":{"start":{"line":317,"column":4},"end":{"line":320,"column":7}},"144":{"start":{"line":322,"column":4},"end":{"line":322,"column":16}},"145":{"start":{"line":327,"column":0},"end":{"line":367,"column":3}},"146":{"start":{"line":328,"column":2},"end":{"line":366,"column":3}},"147":{"start":{"line":329,"column":31},"end":{"line":329,"column":41}},"148":{"start":{"line":332,"column":18},"end":{"line":332,"column":53}},"149":{"start":{"line":333,"column":20},"end":{"line":333,"column":43}},"150":{"start":{"line":333,"column":37},"end":{"line":333,"column":42}},"151":{"start":{"line":334,"column":21},"end":{"line":334,"column":69}},"152":{"start":{"line":337,"column":27},"end":{"line":337,"column":29}},"153":{"start":{"line":338,"column":4},"end":{"line":354,"column":5}},"154":{"start":{"line":339,"column":22},"end":{"line":339,"column":88}},"155":{"start":{"line":341,"column":6},"end":{"line":353,"column":7}},"156":{"start":{"line":342,"column":8},"end":{"line":344,"column":9}},"157":{"start":{"line":343,"column":10},"end":{"line":343,"column":83}},"158":{"start":{"line":345,"column":8},"end":{"line":352,"column":9}},"159":{"start":{"line":346,"column":10},"end":{"line":346,"column":39}},"160":{"start":{"line":347,"column":10},"end":{"line":347,"column":64}},"161":{"start":{"line":347,"column":33},"end":{"line":347,"column":64}},"162":{"start":{"line":348,"column":10},"end":{"line":351,"column":11}},"163":{"start":{"line":349,"column":12},"end":{"line":349,"column":63}},"164":{"start":{"line":350,"column":12},"end":{"line":350,"column":42}},"165":{"start":{"line":356,"column":20},"end":{"line":361,"column":55}},"166":{"start":{"line":356,"column":75},"end":{"line":361,"column":5}},"167":{"start":{"line":361,"column":23},"end":{"line":361,"column":54}},"168":{"start":{"line":363,"column":4},"end":{"line":363,"column":51}},"169":{"start":{"line":365,"column":4},"end":{"line":365,"column":16}},"170":{"start":{"line":370,"column":0},"end":{"line":397,"column":3}},"171":{"start":{"line":371,"column":2},"end":{"line":396,"column":3}},"172":{"start":{"line":372,"column":17},"end":{"line":372,"column":34}},"173":{"start":{"line":373,"column":19},"end":{"line":380,"column":5}},"174":{"start":{"line":382,"column":4},"end":{"line":393,"column":7}},"175":{"start":{"line":385,"column":42},"end":{"line":391,"column":9}},"176":{"start":{"line":395,"column":4},"end":{"line":395,"column":16}},"177":{"start":{"line":400,"column":0},"end":{"line":512,"column":3}},"178":{"start":{"line":401,"column":2},"end":{"line":511,"column":3}},"179":{"start":{"line":402,"column":20},"end":{"line":402,"column":64}},"180":{"start":{"line":403,"column":4},"end":{"line":408,"column":5}},"181":{"start":{"line":404,"column":6},"end":{"line":407,"column":9}},"182":{"start":{"line":411,"column":25},"end":{"line":414,"column":6}},"183":{"start":{"line":416,"column":23},"end":{"line":416,"column":51}},"184":{"start":{"line":419,"column":23},"end":{"line":419,"column":24}},"185":{"start":{"line":420,"column":4},"end":{"line":430,"column":5}},"186":{"start":{"line":421,"column":19},"end":{"line":421,"column":36}},"187":{"start":{"line":422,"column":21},"end":{"line":426,"column":7}},"188":{"start":{"line":427,"column":6},"end":{"line":427,"column":60}},"189":{"start":{"line":433,"column":24},"end":{"line":440,"column":6}},"190":{"start":{"line":443,"column":22},"end":{"line":448,"column":5}},"191":{"start":{"line":450,"column":25},"end":{"line":450,"column":28}},"192":{"start":{"line":451,"column":19},"end":{"line":451,"column":21}},"193":{"start":{"line":452,"column":25},"end":{"line":452,"column":27}},"194":{"start":{"line":453,"column":36},"end":{"line":453,"column":37}},"195":{"start":{"line":454,"column":20},"end":{"line":454,"column":25}},"196":{"start":{"line":456,"column":21},"end":{"line":456,"column":71}},"197":{"start":{"line":457,"column":4},"end":{"line":494,"column":5}},"198":{"start":{"line":458,"column":6},"end":{"line":458,"column":48}},"199":{"start":{"line":459,"column":6},"end":{"line":459,"column":41}},"200":{"start":{"line":460,"column":6},"end":{"line":460,"column":53}},"201":{"start":{"line":461,"column":6},"end":{"line":461,"column":76}},"202":{"start":{"line":462,"column":6},"end":{"line":462,"column":47}},"203":{"start":{"line":465,"column":23},"end":{"line":465,"column":24}},"204":{"start":{"line":467,"column":6},"end":{"line":470,"column":7}},"205":{"start":{"line":468,"column":8},"end":{"line":468,"column":25}},"206":{"start":{"line":469,"column":8},"end":{"line":469,"column":107}},"207":{"start":{"line":471,"column":6},"end":{"line":474,"column":7}},"208":{"start":{"line":472,"column":8},"end":{"line":472,"column":25}},"209":{"start":{"line":473,"column":8},"end":{"line":473,"column":67}},"210":{"start":{"line":475,"column":6},"end":{"line":478,"column":7}},"211":{"start":{"line":476,"column":8},"end":{"line":476,"column":59}},"212":{"start":{"line":477,"column":8},"end":{"line":477,"column":79}},"213":{"start":{"line":479,"column":6},"end":{"line":482,"column":7}},"214":{"start":{"line":480,"column":8},"end":{"line":480,"column":25}},"215":{"start":{"line":481,"column":8},"end":{"line":481,"column":87}},"216":{"start":{"line":484,"column":6},"end":{"line":484,"column":53}},"217":{"start":{"line":486,"column":6},"end":{"line":492,"column":7}},"218":{"start":{"line":487,"column":8},"end":{"line":487,"column":76}},"219":{"start":{"line":488,"column":13},"end":{"line":492,"column":7}},"220":{"start":{"line":489,"column":8},"end":{"line":489,"column":85}},"221":{"start":{"line":491,"column":8},"end":{"line":491,"column":93}},"222":{"start":{"line":493,"column":6},"end":{"line":493,"column":65}},"223":{"start":{"line":496,"column":4},"end":{"line":508,"column":7}},"224":{"start":{"line":510,"column":4},"end":{"line":510,"column":16}},"225":{"start":{"line":515,"column":0},"end":{"line":548,"column":3}},"226":{"start":{"line":516,"column":2},"end":{"line":547,"column":3}},"227":{"start":{"line":517,"column":31},"end":{"line":517,"column":41}},"228":{"start":{"line":518,"column":18},"end":{"line":518,"column":69}},"229":{"start":{"line":519,"column":20},"end":{"line":519,"column":22}},"230":{"start":{"line":520,"column":4},"end":{"line":520,"column":66}},"231":{"start":{"line":520,"column":27},"end":{"line":520,"column":62}},"232":{"start":{"line":521,"column":20},"end":{"line":521,"column":40}},"233":{"start":{"line":523,"column":4},"end":{"line":525,"column":5}},"234":{"start":{"line":524,"column":6},"end":{"line":524,"column":68}},"235":{"start":{"line":527,"column":17},"end":{"line":527,"column":34}},"236":{"start":{"line":528,"column":19},"end":{"line":534,"column":5}},"237":{"start":{"line":536,"column":24},"end":{"line":542,"column":53}},"238":{"start":{"line":536,"column":50},"end":{"line":542,"column":5}},"239":{"start":{"line":542,"column":23},"end":{"line":542,"column":52}},"240":{"start":{"line":544,"column":4},"end":{"line":544,"column":55}},"241":{"start":{"line":546,"column":4},"end":{"line":546,"column":16}},"242":{"start":{"line":551,"column":0},"end":{"line":569,"column":3}},"243":{"start":{"line":552,"column":2},"end":{"line":568,"column":3}},"244":{"start":{"line":553,"column":23},"end":{"line":553,"column":33}},"245":{"start":{"line":554,"column":17},"end":{"line":554,"column":34}},"246":{"start":{"line":555,"column":19},"end":{"line":560,"column":5}},"247":{"start":{"line":562,"column":4},"end":{"line":565,"column":7}},"248":{"start":{"line":567,"column":4},"end":{"line":567,"column":16}},"249":{"start":{"line":571,"column":0},"end":{"line":571,"column":24}}},"fnMap":{"0":{"name":"(anonymous_0)","decl":{"start":{"line":19,"column":41},"end":{"line":19,"column":42}},"loc":{"start":{"line":19,"column":67},"end":{"line":97,"column":1}},"line":19},"1":{"name":"(anonymous_1)","decl":{"start":{"line":30,"column":30},"end":{"line":30,"column":31}},"loc":{"start":{"line":30,"column":37},"end":{"line":30,"column":42}},"line":30},"2":{"name":"(anonymous_2)","decl":{"start":{"line":37,"column":36},"end":{"line":37,"column":37}},"loc":{"start":{"line":37,"column":43},"end":{"line":37,"column":48}},"line":37},"3":{"name":"(anonymous_3)","decl":{"start":{"line":57,"column":14},"end":{"line":57,"column":15}},"loc":{"start":{"line":57,"column":21},"end":{"line":57,"column":70}},"line":57},"4":{"name":"(anonymous_4)","decl":{"start":{"line":58,"column":12},"end":{"line":58,"column":13}},"loc":{"start":{"line":58,"column":22},"end":{"line":58,"column":61}},"line":58},"5":{"name":"(anonymous_5)","decl":{"start":{"line":60,"column":11},"end":{"line":60,"column":12}},"loc":{"start":{"line":60,"column":19},"end":{"line":68,"column":7}},"line":60},"6":{"name":"(anonymous_6)","decl":{"start":{"line":71,"column":47},"end":{"line":71,"column":48}},"loc":{"start":{"line":71,"column":54},"end":{"line":71,"column":73}},"line":71},"7":{"name":"(anonymous_7)","decl":{"start":{"line":73,"column":40},"end":{"line":73,"column":41}},"loc":{"start":{"line":73,"column":52},"end":{"line":73,"column":69}},"line":73},"8":{"name":"(anonymous_8)","decl":{"start":{"line":100,"column":38},"end":{"line":100,"column":39}},"loc":{"start":{"line":100,"column":64},"end":{"line":324,"column":1}},"line":100},"9":{"name":"(anonymous_9)","decl":{"start":{"line":124,"column":48},"end":{"line":124,"column":49}},"loc":{"start":{"line":124,"column":59},"end":{"line":124,"column":88}},"line":124},"10":{"name":"(anonymous_10)","decl":{"start":{"line":125,"column":46},"end":{"line":125,"column":47}},"loc":{"start":{"line":125,"column":57},"end":{"line":125,"column":84}},"line":125},"11":{"name":"(anonymous_11)","decl":{"start":{"line":130,"column":41},"end":{"line":130,"column":42}},"loc":{"start":{"line":130,"column":48},"end":{"line":130,"column":53}},"line":130},"12":{"name":"(anonymous_12)","decl":{"start":{"line":133,"column":25},"end":{"line":133,"column":26}},"loc":{"start":{"line":133,"column":36},"end":{"line":138,"column":9}},"line":133},"13":{"name":"(anonymous_13)","decl":{"start":{"line":141,"column":25},"end":{"line":141,"column":26}},"loc":{"start":{"line":141,"column":36},"end":{"line":141,"column":64}},"line":141},"14":{"name":"(anonymous_14)","decl":{"start":{"line":172,"column":44},"end":{"line":172,"column":45}},"loc":{"start":{"line":172,"column":57},"end":{"line":172,"column":86}},"line":172},"15":{"name":"(anonymous_15)","decl":{"start":{"line":177,"column":40},"end":{"line":177,"column":41}},"loc":{"start":{"line":177,"column":47},"end":{"line":177,"column":63}},"line":177},"16":{"name":"(anonymous_16)","decl":{"start":{"line":204,"column":38},"end":{"line":204,"column":39}},"loc":{"start":{"line":204,"column":43},"end":{"line":204,"column":48}},"line":204},"17":{"name":"(anonymous_17)","decl":{"start":{"line":212,"column":52},"end":{"line":212,"column":53}},"loc":{"start":{"line":212,"column":63},"end":{"line":212,"column":92}},"line":212},"18":{"name":"(anonymous_18)","decl":{"start":{"line":213,"column":50},"end":{"line":213,"column":51}},"loc":{"start":{"line":213,"column":61},"end":{"line":213,"column":88}},"line":213},"19":{"name":"(anonymous_19)","decl":{"start":{"line":216,"column":48},"end":{"line":216,"column":49}},"loc":{"start":{"line":216,"column":59},"end":{"line":216,"column":86}},"line":216},"20":{"name":"(anonymous_20)","decl":{"start":{"line":221,"column":42},"end":{"line":221,"column":43}},"loc":{"start":{"line":221,"column":47},"end":{"line":221,"column":52}},"line":221},"21":{"name":"(anonymous_21)","decl":{"start":{"line":224,"column":44},"end":{"line":224,"column":45}},"loc":{"start":{"line":224,"column":55},"end":{"line":229,"column":11}},"line":224},"22":{"name":"(anonymous_22)","decl":{"start":{"line":237,"column":44},"end":{"line":237,"column":45}},"loc":{"start":{"line":237,"column":50},"end":{"line":237,"column":72}},"line":237},"23":{"name":"(anonymous_23)","decl":{"start":{"line":327,"column":49},"end":{"line":327,"column":50}},"loc":{"start":{"line":327,"column":75},"end":{"line":367,"column":1}},"line":327},"24":{"name":"(anonymous_24)","decl":{"start":{"line":333,"column":30},"end":{"line":333,"column":31}},"loc":{"start":{"line":333,"column":37},"end":{"line":333,"column":42}},"line":333},"25":{"name":"(anonymous_25)","decl":{"start":{"line":356,"column":55},"end":{"line":356,"column":56}},"loc":{"start":{"line":356,"column":75},"end":{"line":361,"column":5}},"line":356},"26":{"name":"(anonymous_26)","decl":{"start":{"line":361,"column":13},"end":{"line":361,"column":14}},"loc":{"start":{"line":361,"column":23},"end":{"line":361,"column":54}},"line":361},"27":{"name":"(anonymous_27)","decl":{"start":{"line":370,"column":46},"end":{"line":370,"column":47}},"loc":{"start":{"line":370,"column":72},"end":{"line":397,"column":1}},"line":370},"28":{"name":"(anonymous_28)","decl":{"start":{"line":385,"column":34},"end":{"line":385,"column":35}},"loc":{"start":{"line":385,"column":42},"end":{"line":391,"column":9}},"line":385},"29":{"name":"(anonymous_29)","decl":{"start":{"line":400,"column":44},"end":{"line":400,"column":45}},"loc":{"start":{"line":400,"column":70},"end":{"line":512,"column":1}},"line":400},"30":{"name":"(anonymous_30)","decl":{"start":{"line":515,"column":43},"end":{"line":515,"column":44}},"loc":{"start":{"line":515,"column":69},"end":{"line":548,"column":1}},"line":515},"31":{"name":"(anonymous_31)","decl":{"start":{"line":520,"column":18},"end":{"line":520,"column":19}},"loc":{"start":{"line":520,"column":25},"end":{"line":520,"column":64}},"line":520},"32":{"name":"(anonymous_32)","decl":{"start":{"line":536,"column":40},"end":{"line":536,"column":41}},"loc":{"start":{"line":536,"column":50},"end":{"line":542,"column":5}},"line":536},"33":{"name":"(anonymous_33)","decl":{"start":{"line":542,"column":13},"end":{"line":542,"column":14}},"loc":{"start":{"line":542,"column":23},"end":{"line":542,"column":52}},"line":542},"34":{"name":"(anonymous_34)","decl":{"start":{"line":551,"column":40},"end":{"line":551,"column":41}},"loc":{"start":{"line":551,"column":66},"end":{"line":569,"column":1}},"line":551}},"branchMap":{"0":{"loc":{"start":{"line":24,"column":4},"end":{"line":26,"column":5}},"type":"if","locations":[{"start":{"line":24,"column":4},"end":{"line":26,"column":5}},{"start":{},"end":{}}],"line":24},"1":{"loc":{"start":{"line":48,"column":6},"end":{"line":52,"column":7}},"type":"if","locations":[{"start":{"line":48,"column":6},"end":{"line":52,"column":7}},{"start":{"line":50,"column":13},"end":{"line":52,"column":7}}],"line":48},"2":{"loc":{"start":{"line":57,"column":21},"end":{"line":57,"column":70}},"type":"binary-expr","locations":[{"start":{"line":57,"column":21},"end":{"line":57,"column":41}},{"start":{"line":57,"column":45},"end":{"line":57,"column":70}}],"line":57},"3":{"loc":{"start":{"line":58,"column":23},"end":{"line":58,"column":39}},"type":"binary-expr","locations":[{"start":{"line":58,"column":23},"end":{"line":58,"column":34}},{"start":{"line":58,"column":38},"end":{"line":58,"column":39}}],"line":58},"4":{"loc":{"start":{"line":58,"column":44},"end":{"line":58,"column":60}},"type":"binary-expr","locations":[{"start":{"line":58,"column":44},"end":{"line":58,"column":55}},{"start":{"line":58,"column":59},"end":{"line":58,"column":60}}],"line":58},"5":{"loc":{"start":{"line":63,"column":14},"end":{"line":63,"column":41}},"type":"binary-expr","locations":[{"start":{"line":63,"column":14},"end":{"line":63,"column":28}},{"start":{"line":63,"column":32},"end":{"line":63,"column":41}}],"line":63},"6":{"loc":{"start":{"line":64,"column":17},"end":{"line":64,"column":47}},"type":"binary-expr","locations":[{"start":{"line":64,"column":17},"end":{"line":64,"column":34}},{"start":{"line":64,"column":38},"end":{"line":64,"column":47}}],"line":64},"7":{"loc":{"start":{"line":72,"column":25},"end":{"line":74,"column":9}},"type":"cond-expr","locations":[{"start":{"line":73,"column":8},"end":{"line":73,"column":97}},{"start":{"line":74,"column":8},"end":{"line":74,"column":9}}],"line":72},"8":{"loc":{"start":{"line":105,"column":4},"end":{"line":107,"column":5}},"type":"if","locations":[{"start":{"line":105,"column":4},"end":{"line":107,"column":5}},{"start":{},"end":{}}],"line":105},"9":{"loc":{"start":{"line":110,"column":4},"end":{"line":115,"column":5}},"type":"if","locations":[{"start":{"line":110,"column":4},"end":{"line":115,"column":5}},{"start":{},"end":{}}],"line":110},"10":{"loc":{"start":{"line":124,"column":64},"end":{"line":124,"column":87}},"type":"binary-expr","locations":[{"start":{"line":124,"column":64},"end":{"line":124,"column":82}},{"start":{"line":124,"column":86},"end":{"line":124,"column":87}}],"line":124},"11":{"loc":{"start":{"line":125,"column":62},"end":{"line":125,"column":83}},"type":"binary-expr","locations":[{"start":{"line":125,"column":62},"end":{"line":125,"column":78}},{"start":{"line":125,"column":82},"end":{"line":125,"column":83}}],"line":125},"12":{"loc":{"start":{"line":126,"column":27},"end":{"line":126,"column":79}},"type":"cond-expr","locations":[{"start":{"line":126,"column":46},"end":{"line":126,"column":75}},{"start":{"line":126,"column":78},"end":{"line":126,"column":79}}],"line":126},"13":{"loc":{"start":{"line":132,"column":25},"end":{"line":139,"column":10}},"type":"cond-expr","locations":[{"start":{"line":133,"column":8},"end":{"line":138,"column":32}},{"start":{"line":139,"column":8},"end":{"line":139,"column":10}}],"line":132},"14":{"loc":{"start":{"line":134,"column":10},"end":{"line":136,"column":11}},"type":"if","locations":[{"start":{"line":134,"column":10},"end":{"line":136,"column":11}},{"start":{},"end":{}}],"line":134},"15":{"loc":{"start":{"line":134,"column":14},"end":{"line":134,"column":41}},"type":"binary-expr","locations":[{"start":{"line":134,"column":14},"end":{"line":134,"column":25}},{"start":{"line":134,"column":29},"end":{"line":134,"column":41}}],"line":134},"16":{"loc":{"start":{"line":140,"column":25},"end":{"line":142,"column":10}},"type":"cond-expr","locations":[{"start":{"line":141,"column":8},"end":{"line":141,"column":87}},{"start":{"line":142,"column":8},"end":{"line":142,"column":10}}],"line":140},"17":{"loc":{"start":{"line":141,"column":41},"end":{"line":141,"column":63}},"type":"binary-expr","locations":[{"start":{"line":141,"column":41},"end":{"line":141,"column":58}},{"start":{"line":141,"column":62},"end":{"line":141,"column":63}}],"line":141},"18":{"loc":{"start":{"line":151,"column":6},"end":{"line":164,"column":7}},"type":"if","locations":[{"start":{"line":151,"column":6},"end":{"line":164,"column":7}},{"start":{},"end":{}}],"line":151},"19":{"loc":{"start":{"line":151,"column":10},"end":{"line":151,"column":53}},"type":"binary-expr","locations":[{"start":{"line":151,"column":10},"end":{"line":151,"column":24}},{"start":{"line":151,"column":28},"end":{"line":151,"column":53}}],"line":151},"20":{"loc":{"start":{"line":154,"column":10},"end":{"line":156,"column":11}},"type":"if","locations":[{"start":{"line":154,"column":10},"end":{"line":156,"column":11}},{"start":{},"end":{}}],"line":154},"21":{"loc":{"start":{"line":157,"column":10},"end":{"line":159,"column":11}},"type":"if","locations":[{"start":{"line":157,"column":10},"end":{"line":159,"column":11}},{"start":{},"end":{}}],"line":157},"22":{"loc":{"start":{"line":160,"column":10},"end":{"line":162,"column":11}},"type":"if","locations":[{"start":{"line":160,"column":10},"end":{"line":162,"column":11}},{"start":{},"end":{}}],"line":160},"23":{"loc":{"start":{"line":160,"column":14},"end":{"line":160,"column":70}},"type":"binary-expr","locations":[{"start":{"line":160,"column":14},"end":{"line":160,"column":38}},{"start":{"line":160,"column":42},"end":{"line":160,"column":70}}],"line":160},"24":{"loc":{"start":{"line":167,"column":31},"end":{"line":167,"column":85}},"type":"cond-expr","locations":[{"start":{"line":167,"column":50},"end":{"line":167,"column":79}},{"start":{"line":167,"column":82},"end":{"line":167,"column":85}}],"line":167},"25":{"loc":{"start":{"line":168,"column":28},"end":{"line":168,"column":85}},"type":"cond-expr","locations":[{"start":{"line":168,"column":47},"end":{"line":168,"column":79}},{"start":{"line":168,"column":82},"end":{"line":168,"column":85}}],"line":168},"26":{"loc":{"start":{"line":169,"column":23},"end":{"line":169,"column":78}},"type":"cond-expr","locations":[{"start":{"line":169,"column":42},"end":{"line":169,"column":72}},{"start":{"line":169,"column":75},"end":{"line":169,"column":78}}],"line":169},"27":{"loc":{"start":{"line":172,"column":64},"end":{"line":172,"column":85}},"type":"binary-expr","locations":[{"start":{"line":172,"column":64},"end":{"line":172,"column":80}},{"start":{"line":172,"column":84},"end":{"line":172,"column":85}}],"line":172},"28":{"loc":{"start":{"line":173,"column":25},"end":{"line":173,"column":91}},"type":"cond-expr","locations":[{"start":{"line":173,"column":52},"end":{"line":173,"column":85}},{"start":{"line":173,"column":88},"end":{"line":173,"column":91}}],"line":173},"29":{"loc":{"start":{"line":180,"column":4},"end":{"line":195,"column":5}},"type":"if","locations":[{"start":{"line":180,"column":4},"end":{"line":195,"column":5}},{"start":{},"end":{}}],"line":180},"30":{"loc":{"start":{"line":189,"column":8},"end":{"line":191,"column":9}},"type":"if","locations":[{"start":{"line":189,"column":8},"end":{"line":191,"column":9}},{"start":{},"end":{}}],"line":189},"31":{"loc":{"start":{"line":189,"column":12},"end":{"line":189,"column":87}},"type":"binary-expr","locations":[{"start":{"line":189,"column":12},"end":{"line":189,"column":25}},{"start":{"line":189,"column":29},"end":{"line":189,"column":45}},{"start":{"line":189,"column":49},"end":{"line":189,"column":87}}],"line":189},"32":{"loc":{"start":{"line":211,"column":6},"end":{"line":231,"column":7}},"type":"if","locations":[{"start":{"line":211,"column":6},"end":{"line":231,"column":7}},{"start":{},"end":{}}],"line":211},"33":{"loc":{"start":{"line":212,"column":68},"end":{"line":212,"column":91}},"type":"binary-expr","locations":[{"start":{"line":212,"column":68},"end":{"line":212,"column":86}},{"start":{"line":212,"column":90},"end":{"line":212,"column":91}}],"line":212},"34":{"loc":{"start":{"line":213,"column":66},"end":{"line":213,"column":87}},"type":"binary-expr","locations":[{"start":{"line":213,"column":66},"end":{"line":213,"column":82}},{"start":{"line":213,"column":86},"end":{"line":213,"column":87}}],"line":213},"35":{"loc":{"start":{"line":214,"column":31},"end":{"line":214,"column":95}},"type":"cond-expr","locations":[{"start":{"line":214,"column":53},"end":{"line":214,"column":88}},{"start":{"line":214,"column":91},"end":{"line":214,"column":95}}],"line":214},"36":{"loc":{"start":{"line":216,"column":64},"end":{"line":216,"column":85}},"type":"binary-expr","locations":[{"start":{"line":216,"column":64},"end":{"line":216,"column":80}},{"start":{"line":216,"column":84},"end":{"line":216,"column":85}}],"line":216},"37":{"loc":{"start":{"line":223,"column":8},"end":{"line":230,"column":9}},"type":"if","locations":[{"start":{"line":223,"column":8},"end":{"line":230,"column":9}},{"start":{},"end":{}}],"line":223},"38":{"loc":{"start":{"line":225,"column":12},"end":{"line":227,"column":13}},"type":"if","locations":[{"start":{"line":225,"column":12},"end":{"line":227,"column":13}},{"start":{},"end":{}}],"line":225},"39":{"loc":{"start":{"line":225,"column":16},"end":{"line":225,"column":43}},"type":"binary-expr","locations":[{"start":{"line":225,"column":16},"end":{"line":225,"column":27}},{"start":{"line":225,"column":31},"end":{"line":225,"column":43}}],"line":225},"40":{"loc":{"start":{"line":238,"column":24},"end":{"line":238,"column":87}},"type":"cond-expr","locations":[{"start":{"line":238,"column":47},"end":{"line":238,"column":80}},{"start":{"line":238,"column":83},"end":{"line":238,"column":87}}],"line":238},"41":{"loc":{"start":{"line":249,"column":17},"end":{"line":249,"column":42}},"type":"binary-expr","locations":[{"start":{"line":249,"column":17},"end":{"line":249,"column":37}},{"start":{"line":249,"column":41},"end":{"line":249,"column":42}}],"line":249},"42":{"loc":{"start":{"line":262,"column":4},"end":{"line":289,"column":5}},"type":"if","locations":[{"start":{"line":262,"column":4},"end":{"line":289,"column":5}},{"start":{},"end":{}}],"line":262},"43":{"loc":{"start":{"line":277,"column":12},"end":{"line":277,"column":49}},"type":"binary-expr","locations":[{"start":{"line":277,"column":12},"end":{"line":277,"column":43}},{"start":{"line":277,"column":47},"end":{"line":277,"column":49}}],"line":277},"44":{"loc":{"start":{"line":282,"column":12},"end":{"line":282,"column":36}},"type":"binary-expr","locations":[{"start":{"line":282,"column":12},"end":{"line":282,"column":31}},{"start":{"line":282,"column":35},"end":{"line":282,"column":36}}],"line":282},"45":{"loc":{"start":{"line":283,"column":12},"end":{"line":283,"column":42}},"type":"binary-expr","locations":[{"start":{"line":283,"column":12},"end":{"line":283,"column":36}},{"start":{"line":283,"column":40},"end":{"line":283,"column":42}}],"line":283},"46":{"loc":{"start":{"line":307,"column":19},"end":{"line":307,"column":44}},"type":"binary-expr","locations":[{"start":{"line":307,"column":19},"end":{"line":307,"column":39}},{"start":{"line":307,"column":43},"end":{"line":307,"column":44}}],"line":307},"47":{"loc":{"start":{"line":308,"column":19},"end":{"line":308,"column":48}},"type":"binary-expr","locations":[{"start":{"line":308,"column":19},"end":{"line":308,"column":39}},{"start":{"line":308,"column":43},"end":{"line":308,"column":48}}],"line":308},"48":{"loc":{"start":{"line":309,"column":18},"end":{"line":309,"column":51}},"type":"binary-expr","locations":[{"start":{"line":309,"column":18},"end":{"line":309,"column":43}},{"start":{"line":309,"column":47},"end":{"line":309,"column":51}}],"line":309},"49":{"loc":{"start":{"line":310,"column":17},"end":{"line":310,"column":40}},"type":"binary-expr","locations":[{"start":{"line":310,"column":17},"end":{"line":310,"column":34}},{"start":{"line":310,"column":38},"end":{"line":310,"column":40}}],"line":310},"50":{"loc":{"start":{"line":311,"column":23},"end":{"line":311,"column":52}},"type":"binary-expr","locations":[{"start":{"line":311,"column":23},"end":{"line":311,"column":46}},{"start":{"line":311,"column":50},"end":{"line":311,"column":52}}],"line":311},"51":{"loc":{"start":{"line":341,"column":26},"end":{"line":341,"column":49}},"type":"binary-expr","locations":[{"start":{"line":341,"column":26},"end":{"line":341,"column":43}},{"start":{"line":341,"column":47},"end":{"line":341,"column":49}}],"line":341},"52":{"loc":{"start":{"line":342,"column":8},"end":{"line":344,"column":9}},"type":"if","locations":[{"start":{"line":342,"column":8},"end":{"line":344,"column":9}},{"start":{},"end":{}}],"line":342},"53":{"loc":{"start":{"line":347,"column":10},"end":{"line":347,"column":64}},"type":"if","locations":[{"start":{"line":347,"column":10},"end":{"line":347,"column":64}},{"start":{},"end":{}}],"line":347},"54":{"loc":{"start":{"line":348,"column":10},"end":{"line":351,"column":11}},"type":"if","locations":[{"start":{"line":348,"column":10},"end":{"line":351,"column":11}},{"start":{},"end":{}}],"line":348},"55":{"loc":{"start":{"line":358,"column":17},"end":{"line":358,"column":80}},"type":"cond-expr","locations":[{"start":{"line":358,"column":35},"end":{"line":358,"column":76}},{"start":{"line":358,"column":79},"end":{"line":358,"column":80}}],"line":358},"56":{"loc":{"start":{"line":359,"column":20},"end":{"line":359,"column":87}},"type":"cond-expr","locations":[{"start":{"line":359,"column":39},"end":{"line":359,"column":83}},{"start":{"line":359,"column":86},"end":{"line":359,"column":87}}],"line":359},"57":{"loc":{"start":{"line":403,"column":4},"end":{"line":408,"column":5}},"type":"if","locations":[{"start":{"line":403,"column":4},"end":{"line":408,"column":5}},{"start":{},"end":{}}],"line":403},"58":{"loc":{"start":{"line":416,"column":23},"end":{"line":416,"column":51}},"type":"binary-expr","locations":[{"start":{"line":416,"column":23},"end":{"line":416,"column":46}},{"start":{"line":416,"column":50},"end":{"line":416,"column":51}}],"line":416},"59":{"loc":{"start":{"line":427,"column":30},"end":{"line":427,"column":58}},"type":"binary-expr","locations":[{"start":{"line":427,"column":30},"end":{"line":427,"column":51}},{"start":{"line":427,"column":55},"end":{"line":427,"column":58}}],"line":427},"60":{"loc":{"start":{"line":447,"column":22},"end":{"line":447,"column":74}},"type":"cond-expr","locations":[{"start":{"line":447,"column":38},"end":{"line":447,"column":69}},{"start":{"line":447,"column":73},"end":{"line":447,"column":74}}],"line":447},"61":{"loc":{"start":{"line":447,"column":38},"end":{"line":447,"column":69}},"type":"binary-expr","locations":[{"start":{"line":447,"column":38},"end":{"line":447,"column":64}},{"start":{"line":447,"column":68},"end":{"line":447,"column":69}}],"line":447},"62":{"loc":{"start":{"line":457,"column":4},"end":{"line":494,"column":5}},"type":"if","locations":[{"start":{"line":457,"column":4},"end":{"line":494,"column":5}},{"start":{"line":463,"column":11},"end":{"line":494,"column":5}}],"line":457},"63":{"loc":{"start":{"line":459,"column":17},"end":{"line":459,"column":40}},"type":"binary-
[...]
:{"line":146,"column":2},"end":{"line":146,"column":3}},"loc":{"start":{"line":146,"column":42},"end":{"line":165,"column":3}},"line":146},"12":{"name":"(anonymous_12)","decl":{"start":{"line":154,"column":31},"end":{"line":154,"column":32}},"loc":{"start":{"line":154,"column":39},"end":{"line":160,"column":7}},"line":154},"13":{"name":"(anonymous_13)","decl":{"start":{"line":174,"column":2},"end":{"line":174,"column":3}},"loc":{"start":{"line":174,"column":44},"end":{"line":193,"column":3}},"line":174},"14":{"name":"(anonymous_14)","decl":{"start":{"line":182,"column":31},"end":{"line":182,"column":32}},"loc":{"start":{"line":182,"column":39},"end":{"line":188,"column":7}},"line":182},"15":{"name":"(anonymous_15)","decl":{"start":{"line":201,"column":2},"end":{"line":201,"column":3}},"loc":{"start":{"line":201,"column":41},"end":{"line":217,"column":3}},"line":201},"16":{"name":"(anonymous_16)","decl":{"start":{"line":208,"column":31},"end":{"line":208,"column":32}},"loc":{"start":{"line":208,"column":39},"end":{"line":212,"column":7}},"line":208},"17":{"name":"(anonymous_17)","decl":{"start":{"line":227,"column":2},"end":{"line":227,"column":3}},"loc":{"start":{"line":227,"column":63},"end":{"line":242,"column":3}},"line":227},"18":{"name":"(anonymous_18)","decl":{"start":{"line":251,"column":2},"end":{"line":251,"column":3}},"loc":{"start":{"line":251,"column":45},"end":{"line":290,"column":3}},"line":251}},"branchMap":{"0":{"loc":{"start":{"line":29,"column":43},"end":{"line":29,"column":92}},"type":"binary-expr","locations":[{"start":{"line":29,"column":43},"end":{"line":29,"column":84}},{"start":{"line":29,"column":88},"end":{"line":29,"column":92}}],"line":29},"1":{"loc":{"start":{"line":30,"column":39},"end":{"line":30,"column":83}},"type":"binary-expr","locations":[{"start":{"line":30,"column":39},"end":{"line":30,"column":76}},{"start":{"line":30,"column":80},"end":{"line":30,"column":83}}],"line":30},"2":{"loc":{"start":{"line":32,"column":8},"end":{"line":38,"column":9}},"type":"if","locations":[{"start":{"line":32,"column":8},"end":{"line":38,"column":9}},{"start":{},"end":{}}],"line":32},"3":{"loc":{"start":{"line":42,"column":8},"end":{"line":46,"column":9}},"type":"if","locations":[{"start":{"line":42,"column":8},"end":{"line":46,"column":9}},{"start":{},"end":{}}],"line":42},"4":{"loc":{"start":{"line":42,"column":12},"end":{"line":42,"column":102}},"type":"binary-expr","locations":[{"start":{"line":42,"column":12},"end":{"line":42,"column":42}},{"start":{"line":42,"column":46},"end":{"line":42,"column":102}}],"line":42},"5":{"loc":{"start":{"line":43,"column":37},"end":{"line":43,"column":87}},"type":"binary-expr","locations":[{"start":{"line":43,"column":37},"end":{"line":43,"column":80}},{"start":{"line":43,"column":84},"end":{"line":43,"column":87}}],"line":43},"6":{"loc":{"start":{"line":56,"column":4},"end":{"line":62,"column":5}},"type":"if","locations":[{"start":{"line":56,"column":4},"end":{"line":62,"column":5}},{"start":{},"end":{}}],"line":56},"7":{"loc":{"start":{"line":56,"column":8},"end":{"line":56,"column":94}},"type":"binary-expr","locations":[{"start":{"line":56,"column":8},"end":{"line":56,"column":40}},{"start":{"line":56,"column":44},"end":{"line":56,"column":71}},{"start":{"line":56,"column":75},"end":{"line":56,"column":94}}],"line":56},"8":{"loc":{"start":{"line":58,"column":6},"end":{"line":61,"column":7}},"type":"if","locations":[{"start":{"line":58,"column":6},"end":{"line":61,"column":7}},{"start":{},"end":{}}],"line":58},"9":{"loc":{"start":{"line":58,"column":10},"end":{"line":58,"column":39}},"type":"binary-expr","locations":[{"start":{"line":58,"column":10},"end":{"line":58,"column":20}},{"start":{"line":58,"column":24},"end":{"line":58,"column":39}}],"line":58},"10":{"loc":{"start":{"line":77,"column":6},"end":{"line":77,"column":38}},"type":"if","locations":[{"start":{"line":77,"column":6},"end":{"line":77,"column":38}},{"start":{},"end":{}}],"line":77},"11":{"loc":{"start":{"line":78,"column":6},"end":{"line":78,"column":38}},"type":"if","locations":[{"start":{"line":78,"column":6},"end":{"line":78,"column":38}},{"start":{},"end":{}}],"line":78},"12":{"loc":{"start":{"line":84,"column":17},"end":{"line":84,"column":40}},"type":"binary-expr","locations":[{"start":{"line":84,"column":17},"end":{"line":84,"column":34}},{"start":{"line":84,"column":38},"end":{"line":84,"column":40}}],"line":84},"13":{"loc":{"start":{"line":85,"column":16},"end":{"line":85,"column":70}},"type":"binary-expr","locations":[{"start":{"line":85,"column":16},"end":{"line":85,"column":38}},{"start":{"line":85,"column":42},"end":{"line":85,"column":57}},{"start":{"line":85,"column":61},"end":{"line":85,"column":70}}],"line":85},"14":{"loc":{"start":{"line":86,"column":14},"end":{"line":86,"column":44}},"type":"binary-expr","locations":[{"start":{"line":86,"column":14},"end":{"line":86,"column":36}},{"start":{"line":86,"column":40},"end":{"line":86,"column":44}}],"line":86},"15":{"loc":{"start":{"line":87,"column":19},"end":{"line":87,"column":42}},"type":"binary-expr","locations":[{"start":{"line":87,"column":19},"end":{"line":87,"column":37}},{"start":{"line":87,"column":41},"end":{"line":87,"column":42}}],"line":87},"16":{"loc":{"start":{"line":88,"column":19},"end":{"line":88,"column":42}},"type":"binary-expr","locations":[{"start":{"line":88,"column":19},"end":{"line":88,"column":37}},{"start":{"line":88,"column":41},"end":{"line":88,"column":42}}],"line":88},"17":{"loc":{"start":{"line":104,"column":41},"end":{"line":104,"column":54}},"type":"default-arg","locations":[{"start":{"line":104,"column":49},"end":{"line":104,"column":54}}],"line":104},"18":{"loc":{"start":{"line":104,"column":56},"end":{"line":104,"column":68}},"type":"default-arg","locations":[{"start":{"line":104,"column":64},"end":{"line":104,"column":68}}],"line":104},"19":{"loc":{"start":{"line":114,"column":6},"end":{"line":117,"column":7}},"type":"if","locations":[{"start":{"line":114,"column":6},"end":{"line":117,"column":7}},{"start":{},"end":{}}],"line":114},"20":{"loc":{"start":{"line":122,"column":14},"end":{"line":122,"column":27}},"type":"binary-expr","locations":[{"start":{"line":122,"column":14},"end":{"line":122,"column":21}},{"start":{"line":122,"column":25},"end":{"line":122,"column":27}}],"line":122},"21":{"loc":{"start":{"line":126,"column":19},"end":{"line":126,"column":36}},"type":"binary-expr","locations":[{"start":{"line":126,"column":19},"end":{"line":126,"column":31}},{"start":{"line":126,"column":35},"end":{"line":126,"column":36}}],"line":126},"22":{"loc":{"start":{"line":127,"column":19},"end":{"line":127,"column":36}},"type":"binary-expr","locations":[{"start":{"line":127,"column":19},"end":{"line":127,"column":31}},{"start":{"line":127,"column":35},"end":{"line":127,"column":36}}],"line":127},"23":{"loc":{"start":{"line":128,"column":22},"end":{"line":128,"column":43}},"type":"binary-expr","locations":[{"start":{"line":128,"column":22},"end":{"line":128,"column":38}},{"start":{"line":128,"column":42},"end":{"line":128,"column":43}}],"line":128},"24":{"loc":{"start":{"line":129,"column":15},"end":{"line":129,"column":49}},"type":"cond-expr","locations":[{"start":{"line":129,"column":30},"end":{"line":129,"column":38}},{"start":{"line":129,"column":41},"end":{"line":129,"column":49}}],"line":129},"25":{"loc":{"start":{"line":130,"column":16},"end":{"line":130,"column":43}},"type":"binary-expr","locations":[{"start":{"line":130,"column":16},"end":{"line":130,"column":30}},{"start":{"line":130,"column":34},"end":{"line":130,"column":43}}],"line":130},"26":{"loc":{"start":{"line":131,"column":20},"end":{"line":131,"column":48}},"type":"binary-expr","locations":[{"start":{"line":131,"column":20},"end":{"line":131,"column":42}},{"start":{"line":131,"column":46},"end":{"line":131,"column":48}}],"line":131},"27":{"loc":{"start":{"line":156,"column":19},"end":{"line":156,"column":35}},"type":"binary-expr","locations":[{"start":{"line":156,"column":19},"end":{"line":156,"column":30}},{"start":{"line":156,"column":34},"end":{"line":156,"column":35}}],"line":156},"28":{"loc":{"start":{"line":157,"column":19},"end":{"line":157,"column":35}},"type":"binary-expr","locations":[{"start":{"line":157,"column":19},"end":{"line":157,"column":30}},{"start":{"line":157,"column":34},"end":{"line":157,"column":35}}],"line":157},"29":{"loc":{"start":{"line":158,"column":17},"end":{"line":158,"column":31}},"type":"binary-expr","locations":[{"start":{"line":158,"column":17},"end":{"line":158,"column":26}},{"start":{"line":158,"column":30},"end":{"line":158,"column":31}}],"line":158},"30":{"loc":{"start":{"line":159,"column":16},"end":{"line":159,"column":38}},"type":"binary-expr","locations":[{"start":{"line":159,"column":16},"end":{"line":159,"column":24}},{"start":{"line":159,"column":28},"end":{"line":159,"column":38}}],"line":159},"31":{"loc":{"start":{"line":183,"column":14},"end":{"line":183,"column":40}},"type":"binary-expr","locations":[{"start":{"line":183,"column":14},"end":{"line":183,"column":27}},{"start":{"line":183,"column":31},"end":{"line":183,"column":40}}],"line":183},"32":{"loc":{"start":{"line":184,"column":16},"end":{"line":186,"column":79}},"type":"cond-expr","locations":[{"start":{"line":184,"column":55},"end":{"line":184,"column":65}},{"start":{"line":185,"column":16},"end":{"line":186,"column":79}}],"line":184},"33":{"loc":{"start":{"line":185,"column":16},"end":{"line":186,"column":79}},"type":"cond-expr","locations":[{"start":{"line":185,"column":64},"end":{"line":185,"column":83}},{"start":{"line":186,"column":16},"end":{"line":186,"column":79}}],"line":185},"34":{"loc":{"start":{"line":186,"column":16},"end":{"line":186,"column":79}},"type":"cond-expr","locations":[{"start":{"line":186,"column":56},"end":{"line":186,"column":67}},{"start":{"line":186,"column":70},"end":{"line":186,"column":79}}],"line":186},"35":{"loc":{"start":{"line":187,"column":20},"end":{"line":187,"column":74}},"type":"cond-expr","locations":[{"start":{"line":187,"column":37},"end":{"line":187,"column":61}},{"start":{"line":187,"column":64},"end":{"line":187,"column":74}}],"line":187},"36":{"loc":{"start":{"line":210,"column":23},"end":{"line":210,"column":43}},"type":"binary-expr","locations":[{"start":{"line":210,"column":23},"end":{"line":210,"column":38}},{"start":{"line":210,"column":42},"end":{"line":210,"column":43}}],"line":210},"37":{"loc":{"start":{"line":211,"column":16},"end":{"line":211,"column":34}},"type":"binary-expr","locations":[{"start":{"line":211,"column":16},"end":{"line":211,"column":28}},{"start":{"line":211,"column":32},"end":{"line":211,"column":34}}],"line":211},"38":{"loc":{"start":{"line":227,"column":52},"end":{"line":227,"column":61}},"type":"default-arg","locations":[{"start":{"line":227,"column":59},"end":{"line":227,"column":61}}],"line":227},"39":{"loc":{"start":{"line":255,"column":6},"end":{"line":255,"column":46}},"type":"if","locations":[{"start":{"line":255,"column":6},"end":{"line":255,"column":46}},{"start":{},"end":{}}],"line":255},"40":{"loc":{"start":{"line":266,"column":24},"end":{"line":266,"column":47}},"type":"binary-expr","locations":[{"start":{"line":266,"column":24},"end":{"line":266,"column":41}},{"start":{"line":266,"column":45},"end":{"line":266,"column":47}}],"line":266},"41":{"loc":{"start":{"line":268,"column":12},"end":{"line":275,"column":13}},"type":"if","locations":[{"start":{"line":268,"column":12},"end":{"line":275,"column":13}},{"start":{},"end":{}}],"line":268},"42":{"loc":{"start":{"line":276,"column":46},"end":{"line":276,"column":62}},"type":"binary-expr","locations":[{"start":{"line":276,"column":46},"end":{"line":276,"column":57}},{"start":{"line":276,"column":61},"end":{"line":276,"column":62}}],"line":276},"43":{"loc":{"start":{"line":277,"column":46},"end":{"line":277,"column":62}},"type":"binary-expr","locations":[{"start":{"line":277,"column":46},"end":{"line":277,"column":57}},{"start":{"line":277,"column":61},"end":{"line":277,"column":62}}],"line":277}},"s":{"0":3,"1":0,"2":0,"3":0,"4":0,"5":0,"6":0,"7":0,"8":0,"9":0,"10":0,"11":0,"12":0,"13":0,"14":0,"15":0,"16":0,"17":0,"18":0,"19":0,"20":0,"21":0,"22":0,"23":0,"24":0,"25":0,"26":0,"27":0,"28":0,"29":0,"30":0,"31":0,"32":0,"33":0,"34":0,"35":0,"36":0,"37":0,"38":0,"39":0,"40":0,"41":0,"42":0,"43":0,"44":0,"45":0,"46":0,"47":0,"48":0,"49":0,"50":0,"51":0,"52":0,"53":0,"54":0,"55":0,"56":0,"57":0,"58":0,"59":0,"60":0,"61":0,"62":0,"63":0,"64":0,"65":0,"66":0,"67":0,"68":0,"69":0,"70":0,"71":0,"72":0,"73":0,"74":0,"75":0,"76":0,"77":0,"78":0,"79":0,"80":0,"81":0,"82":0,"83":0,"84":0,"85":0,"86":0,"87":0,"88":0,"89":0,"90":0,"91":0,"92":0,"93":0,"94":0,"95":0,"96":0,"97":0,"98":0,"99":0,"100":3},"f":{"0":0,"1":0,"2":0,"3":0,"4":0,"5":0,"6":0,"7":0,"8":0,"9":0,"10":0,"11":0,"12":0,"13":0,"14":0,"15":0,"16":0,"17":0,"18":0},"b":{"0":[0,0],"1":[0,0],"2":[0,0],"3":[0,0],"4":[0,0],"5":[0,0],"6":[0,0],"7":[0,0,0],"8":[0,0],"9":[0,0],"10":[0,0],"11":[0,0],"12":[0,0],"13":[0,0,0],"14":[0,0],"15":[0,0],"16":[0,0],"17":[0],"18":[0],"19":[0,0],"20":[0,0],"21":[0,0],"22":[0,0],"23":[0,0],"24":[0,0],"25":[0,0],"26":[0,0],"27":[0,0],"28":[0,0],"29":[0,0],"30":[0,0],"31":[0,0],"32":[0,0],"33":[0,0],"34":[0,0],"35":[0,0],"36":[0,0],"37":[0,0],"38":[0],"39":[0,0],"40":[0,0],"41":[0,0],"42":[0,0],"43":[0,0]},"_coverageSchema":"1a1c01bbd47fc00a2c39e90264f33305004495a9","hash":"65aa0ad947e4a5823b49e1537fbc84869367e294"}
,"C:\\Users\\steve\\OneDrive\\Desktop\\AI-Powered Software Delivery Risk Intelligence Platform\\backend\\src\\services\\mlService.js": {"path":"C:\\Users\\steve\\OneDrive\\Desktop\\AI-Powered Software Delivery Risk Intelligence Platform\\backend\\src\\services\\mlService.js","statementMap":{"0":{"start":{"line":6,"column":14},"end":{"line":6,"column":30}},"1":{"start":{"line":8,"column":20},"end":{"line":8,"column":73}},"2":{"start":{"line":11,"column":17},"end":{"line":15,"column":2}},"3":{"start":{"line":25,"column":16},"end":{"line":25,"column":26}},"4":{"start":{"line":26,"column":16},"end":{"line":26,"column":52}},"5":{"start":{"line":28,"column":2},"end":{"line":52,"column":3}},"6":{"start":{"line":28,"column":21},"end":{"line":28,"column":22}},"7":{"start":{"line":29,"column":4},"end":{"line":51,"column":5}},"8":{"start":{"line":30,"column":23},"end":{"line":30,"column":66}},"9":{"start":{"line":31,"column":22},"end":{"line":31,"column":40}},"10":{"start":{"line":32,"column":6},"end":{"line":32,"column":68}},"11":{"start":{"line":35,"column":6},"end":{"line":37,"column":7}},"12":{"start":{"line":36,"column":8},"end":{"line":36,"column":34}},"13":{"start":{"line":39,"column":6},"end":{"line":39,"column":74}},"14":{"start":{"line":40,"column":6},"end":{"line":40,"column":41}},"15":{"start":{"line":42,"column":22},"end":{"line":42,"column":40}},"16":{"start":{"line":43,"column":6},"end":{"line":48,"column":7}},"17":{"start":{"line":44,"column":8},"end":{"line":46,"column":10}},"18":{"start":{"line":47,"column":8},"end":{"line":47,"column":17}},"19":{"start":{"line":49,"column":6},"end":{"line":49,"column":91}},"20":{"start":{"line":50,"column":6},"end":{"line":50,"column":18}},"21":{"start":{"line":53,"column":2},"end":{"line":53,"column":14}},"22":{"start":{"line":61,"column":2},"end":{"line":61,"column":59}},"23":{"start":{"line":69,"column":2},"end":{"line":69,"column":53}},"24":{"start":{"line":77,"column":2},"end":{"line":77,"column":71}},"25":{"start":{"line":86,"column":2},"end":{"line":89,"column":5}},"26":{"start":{"line":97,"column":2},"end":{"line":97,"column":63}},"27":{"start":{"line":105,"column":2},"end":{"line":105,"column":84}},"28":{"start":{"line":114,"column":2},"end":{"line":117,"column":5}},"29":{"start":{"line":125,"column":2},"end":{"line":125,"column":61}},"30":{"start":{"line":132,"column":2},"end":{"line":137,"column":3}},"31":{"start":{"line":133,"column":21},"end":{"line":133,"column":50}},"32":{"start":{"line":134,"column":4},"end":{"line":134,"column":25}},"33":{"start":{"line":136,"column":4},"end":{"line":136,"column":58}},"34":{"start":{"line":140,"column":0},"end":{"line":150,"column":2}}},"fnMap":{"0":{"name":"callML","decl":{"start":{"line":24,"column":15},"end":{"line":24,"column":21}},"loc":{"start":{"line":24,"column":49},"end":{"line":54,"column":1}},"line":24},"1":{"name":"analyzeSprintRisk","decl":{"start":{"line":60,"column":15},"end":{"line":60,"column":32}},"loc":{"start":{"line":60,"column":49},"end":{"line":62,"column":1}},"line":60},"2":{"name":"analyzePR","decl":{"start":{"line":68,"column":15},"end":{"line":68,"column":24}},"loc":{"start":{"line":68,"column":33},"end":{"line":70,"column":1}},"line":68},"3":{"name":"analyzeHotspots","decl":{"start":{"line":76,"column":15},"end":{"line":76,"column":30}},"loc":{"start":{"line":76,"column":42},"end":{"line":78,"column":1}},"line":76},"4":{"name":"analyzeStaffing","decl":{"start":{"line":85,"column":15},"end":{"line":85,"column":30}},"loc":{"start":{"line":85,"column":56},"end":{"line":90,"column":1}},"line":85},"5":{"name":"computeBenchmark","decl":{"start":{"line":96,"column":15},"end":{"line":96,"column":31}},"loc":{"start":{"line":96,"column":45},"end":{"line":98,"column":1}},"line":96},"6":{"name":"analyzePRsBatch","decl":{"start":{"line":104,"column":15},"end":{"line":104,"column":30}},"loc":{"start":{"line":104,"column":45},"end":{"line":106,"column":1}},"line":104},"7":{"name":"detectRiskPatterns","decl":{"start":{"line":113,"column":15},"end":{"line":113,"column":33}},"loc":{"start":{"line":113,"column":65},"end":{"line":118,"column":1}},"line":113},"8":{"name":"predictReleaseReadiness","decl":{"start":{"line":124,"column":15},"end":{"line":124,"column":38}},"loc":{"start":{"line":124,"column":52},"end":{"line":126,"column":1}},"line":124},"9":{"name":"checkHealth","decl":{"start":{"line":131,"column":15},"end":{"line":131,"column":26}},"loc":{"start":{"line":131,"column":29},"end":{"line":138,"column":1}},"line":131}},"branchMap":{"0":{"loc":{"start":{"line":8,"column":20},"end":{"line":8,"column":73}},"type":"binary-expr","locations":[{"start":{"line":8,"column":20},"end":{"line":8,"column":46}},{"start":{"line":8,"column":50},"end":{"line":8,"column":73}}],"line":8},"1":{"loc":{"start":{"line":24,"column":36},"end":{"line":24,"column":47}},"type":"default-arg","locations":[{"start":{"line":24,"column":43},"end":{"line":24,"column":47}}],"line":24},"2":{"loc":{"start":{"line":35,"column":6},"end":{"line":37,"column":7}},"type":"if","locations":[{"start":{"line":35,"column":6},"end":{"line":37,"column":7}},{"start":{},"end":{}}],"line":35},"3":{"loc":{"start":{"line":35,"column":10},"end":{"line":35,"column":48}},"type":"binary-expr","locations":[{"start":{"line":35,"column":10},"end":{"line":35,"column":23}},{"start":{"line":35,"column":27},"end":{"line":35,"column":48}}],"line":35},"4":{"loc":{"start":{"line":40,"column":13},"end":{"line":40,"column":40}},"type":"binary-expr","locations":[{"start":{"line":40,"column":13},"end":{"line":40,"column":32}},{"start":{"line":40,"column":36},"end":{"line":40,"column":40}}],"line":40},"5":{"loc":{"start":{"line":43,"column":6},"end":{"line":48,"column":7}},"type":"if","locations":[{"start":{"line":43,"column":6},"end":{"line":48,"column":7}},{"start":{},"end":{}}],"line":43},"6":{"loc":{"start":{"line":113,"column":48},"end":{"line":113,"column":63}},"type":"default-arg","locations":[{"start":{"line":113,"column":61},"end":{"line":113,"column":63}}],"line":113}},"s":{"0":3,"1":3,"2":3,"3":0,"4":0,"5":0,"6":0,"7":0,"8":0,"9":0,"10":0,"11":0,"12":0,"13":0,"14":0,"15":0,"16":0,"17":0,"18":0,"19":0,"20":0,"21":0,"22":0,"23":0,"24":0,"25":0,"26":0,"27":0,"28":0,"29":0,"30":0,"31":0,"32":0,"33":0,"34":3},"f":{"0":0,"1":0,"2":0,"3":0,"4":0,"5":0,"6":0,"7":0,"8":0,"9":0},"b":{"0":[3,0],"1":[0],"2":[0,0],"3":[0,0],"4":[0,0],"5":[0,0],"6":[0]},"_coverageSchema":"1a1c01bbd47fc00a2c39e90264f33305004495a9","hash":"e91f7181be87ac6b2d95fffede9003bda7175b05"}
}
