TN:
SF:src\server.js
FN:46,(anonymous_0)
FN:65,(anonymous_1)
FN:76,startServer
FN:89,(anonymous_3)
FNF:4
FNH:0
FNDA:0,(anonymous_0)
FNDA:0,(anonymous_1)
FNDA:0,startServer
FNDA:0,(anonymous_3)
DA:6,2
DA:7,2
DA:8,2
DA:9,2
DA:10,2
DA:11,2
DA:13,2
DA:14,2
DA:15,2
DA:18,2
DA:19,2
DA:22,2
DA:23,2
DA:31,2
DA:38,2
DA:41,2
DA:42,2
DA:43,2
DA:46,2
DA:47,0
DA:56,2
DA:57,2
DA:58,2
DA:59,2
DA:60,2
DA:61,2
DA:62,2
DA:65,2
DA:66,0
DA:73,2
DA:77,0
DA:79,0
DA:80,0
DA:82,0
DA:83,0
DA:86,0
DA:89,0
DA:90,0
DA:91,0
DA:92,0
DA:95,0
DA:96,0
DA:100,2
DA:101,0
DA:104,2
LF:45
LH:30
BRDA:19,0,0,2
BRDA:19,0,1,0
BRDA:25,1,0,2
BRDA:25,1,1,2
BRDA:32,2,0,2
BRDA:32,2,1,0
BRDA:33,3,0,2
BRDA:33,3,1,0
BRDA:43,4,0,0
BRDA:43,4,1,2
BRDA:91,5,0,0
BRDA:91,5,1,0
BRDA:100,6,0,0
BRDA:100,6,1,2
BRF:14
BRH:7
end_of_record
TN:
SF:src\jobs\syncJob.js
FN:23,registerJobs
FN:30,(anonymous_1)
FN:55,(anonymous_2)
FN:79,(anonymous_3)
FN:86,(anonymous_4)
FN:98,(anonymous_5)
FN:111,(anonymous_6)
FN:135,(anonymous_7)
FN:151,(anonymous_8)
FN:154,(anonymous_9)
FNF:10
FNH:0
FNDA:0,registerJobs
FNDA:0,(anonymous_1)
FNDA:0,(anonymous_2)
FNDA:0,(anonymous_3)
FNDA:0,(anonymous_4)
FNDA:0,(anonymous_5)
FNDA:0,(anonymous_6)
FNDA:0,(anonymous_7)
FNDA:0,(anonymous_8)
FNDA:0,(anonymous_9)
DA:10,2
DA:11,2
DA:12,2
DA:13,2
DA:14,2
DA:15,2
DA:17,2
DA:24,0
DA:25,0
DA:27,0
DA:30,0
DA:31,0
DA:32,0
DA:33,0
DA:39,0
DA:44,0
DA:45,0
DA:48,0
DA:50,0
DA:55,0
DA:56,0
DA:57,0
DA:58,0
DA:61,0
DA:62,0
DA:64,0
DA:65,0
DA:66,0
DA:68,0
DA:79,0
DA:86,0
DA:97,0
DA:98,0
DA:106,0
DA:107,0
DA:108,0
DA:109,0
DA:110,0
DA:111,0
DA:113,0
DA:114,0
DA:116,0
DA:117,0
DA:121,0
DA:125,0
DA:130,0
DA:135,0
DA:136,0
DA:137,0
DA:138,0
DA:139,0
DA:141,0
DA:142,0
DA:143,0
DA:148,0
DA:150,0
DA:151,0
DA:153,0
DA:154,0
DA:157,0
DA:162,0
DA:163,0
DA:164,0
DA:169,0
DA:173,0
DA:175,0
DA:179,0
DA:180,0
DA:181,0
DA:182,0
DA:185,2
LF:71
LH:8
BRDA:24,0,0,0
BRDA:24,0,1,0
BRDA:66,1,0,0
BRDA:66,1,1,0
BRDA:75,2,0,0
BRDA:75,2,1,0
BRDA:77,3,0,0
BRDA:77,3,1,0
BRDA:78,4,0,0
BRDA:78,4,1,0
BRDA:79,5,0,0
BRDA:79,5,1,0
BRDA:83,6,0,0
BRDA:83,6,1,0
BRDA:84,7,0,0
BRDA:84,7,1,0
BRDA:86,8,0,0
BRDA:86,8,1,0
BRDA:89,9,0,0
BRDA:89,9,1,0
BRDA:90,10,0,0
BRDA:90,10,1,0
BRDA:107,11,0,0
BRDA:107,11,1,0
BRDA:110,12,0,0
BRDA:110,12,1,0
BRDA:116,13,0,0
BRDA:116,13,1,0
BRDA:116,14,0,0
BRDA:116,14,1,0
BRDA:148,15,0,0
BRDA:148,15,1,0
BRDA:151,16,0,0
BRDA:151,16,1,0
BRDA:154,17,0,0
BRDA:154,17,1,0
BRDA:158,18,0,0
BRDA:158,18,1,0
BRDA:159,19,0,0
BRDA:159,19,1,0
BRDA:162,20,0,0
BRDA:162,20,1,0
BRF:42
BRH:0
end_of_record
TN:
SF:src\middleware\auth.js
FN:18,generateToken
FN:34,verifyToken
FN:93,requireRole
FN:94,(anonymous_3)
FN:119,blacklistToken
FNF:5
FNH:3
FNDA:2,generateToken
FNDA:3,verifyToken
FNDA:14,requireRole
FNDA:0,(anonymous_3)
FNDA:0,blacklistToken
DA:5,2
DA:6,2
DA:8,2
DA:11,2
DA:19,2
DA:35,3
DA:36,3
DA:37,3
DA:38,0
DA:44,3
DA:47,3
DA:48,0
DA:54,3
DA:57,3
DA:58,3
DA:59,0
DA:65,3
DA:66,0
DA:72,3
DA:73,3
DA:74,3
DA:76,0
DA:77,0
DA:82,0
DA:94,14
DA:95,0
DA:96,0
DA:102,0
DA:103,0
DA:111,0
DA:120,0
DA:123,2
LF:32
LH:19
BRDA:8,0,0,2
BRDA:8,0,1,0
BRDA:27,1,0,2
BRDA:27,1,1,0
BRDA:37,2,0,0
BRDA:37,2,1,3
BRDA:37,3,0,3
BRDA:37,3,1,3
BRDA:47,4,0,0
BRDA:47,4,1,3
BRDA:58,5,0,0
BRDA:58,5,1,3
BRDA:65,6,0,0
BRDA:65,6,1,3
BRDA:76,7,0,0
BRDA:76,7,1,0
BRDA:95,8,0,0
BRDA:95,8,1,0
BRDA:102,9,0,0
BRDA:102,9,1,0
BRF:20
BRH:8
end_of_record
TN:
SF:src\middleware\errorHandler.js
FN:8,errorHandler
FN:16,(anonymous_1)
FNF:2
FNH:0
FNDA:0,errorHandler
FNDA:0,(anonymous_1)
DA:10,0
DA:11,0
DA:14,0
DA:15,0
DA:16,0
DA:17,0
DA:21,0
DA:22,0
DA:23,0
DA:24,0
DA:28,0
DA:29,0
DA:30,0
DA:34,0
DA:35,0
DA:36,0
DA:39,0
DA:40,0
DA:41,0
DA:45,0
DA:46,0
DA:56,0
DA:68,2
LF:23
LH:1
BRDA:10,0,0,0
BRDA:10,0,1,0
BRDA:11,1,0,0
BRDA:11,1,1,0
BRDA:14,2,0,0
BRDA:14,2,1,0
BRDA:21,3,0,0
BRDA:21,3,1,0
BRDA:28,4,0,0
BRDA:28,4,1,0
BRDA:34,5,0,0
BRDA:34,5,1,0
BRDA:39,6,0,0
BRDA:39,6,1,0
BRDA:45,7,0,0
BRDA:45,7,1,0
BRDA:61,8,0,0
BRDA:61,8,1,0
BRF:18
BRH:0
end_of_record
TN:
SF:src\models\Project.js
FNF:0
FNH:0
DA:1,2
DA:8,2
DA:96,2
DA:97,2
DA:99,2
LF:5
LH:5
BRF:0
BRH:0
end_of_record
TN:
SF:src\models\PullRequest.js
FN:129,(anonymous_0)
FN:136,(anonymous_1)
FN:142,(anonymous_2)
FNF:3
FNH:0
FNDA:0,(anonymous_0)
FNDA:0,(anonymous_1)
FNDA:0,(anonymous_2)
DA:1,2
DA:8,2
DA:129,2
DA:131,0
DA:134,0
DA:135,0
DA:136,0
DA:137,0
DA:141,0
DA:142,0
DA:143,0
DA:147,0
DA:151,2
DA:152,2
DA:153,2
DA:155,2
LF:16
LH:7
BRDA:134,0,0,0
BRDA:134,0,1,0
BRDA:134,1,0,0
BRDA:134,1,1,0
BRF:4
BRH:0
end_of_record
TN:
SF:src\models\Sprint.js
FN:159,(anonymous_0)
FN:165,(anonymous_1)
FNF:2
FNH:0
FNDA:0,(anonymous_0)
FNDA:0,(anonymous_1)
DA:1,2
DA:9,2
DA:34,2
DA:47,2
DA:61,2
DA:155,2
DA:156,2
DA:159,2
DA:160,0
DA:161,0
DA:165,2
DA:166,0
DA:167,0
DA:168,0
DA:169,0
DA:172,2
DA:173,2
DA:175,2
LF:18
LH:12
BRDA:160,0,0,0
BRDA:160,0,1,0
BRF:2
BRH:0
end_of_record
TN:
SF:src\models\Team.js
FN:71,(anonymous_0)
FNF:1
FNH:0
FNDA:0,(anonymous_0)
DA:1,2
DA:8,2
DA:71,2
DA:72,0
DA:76,2
DA:77,2
DA:79,2
LF:7
LH:6
BRDA:72,0,0,0
BRDA:72,0,1,0
BRF:2
BRH:0
end_of_record
TN:
SF:src\models\User.js
FN:66,(anonymous_0)
FN:80,(anonymous_1)
FN:85,(anonymous_2)
FNF:3
FNH:0
FNDA:0,(anonymous_0)
FNDA:0,(anonymous_1)
FNDA:0,(anonymous_2)
DA:1,2
DA:2,2
DA:9,2
DA:66,2
DA:68,0
DA:70,0
DA:71,0
DA:72,0
DA:73,0
DA:75,0
DA:80,2
DA:81,0
DA:85,2
DA:86,0
DA:87,0
DA:88,0
DA:91,2
LF:17
LH:7
BRDA:68,0,0,0
BRDA:68,0,1,0
BRF:2
BRH:0
end_of_record
TN:
SF:src\routes\analytics.js
FN:19,(anonymous_0)
FN:30,(anonymous_1)
FN:37,(anonymous_2)
FN:57,(anonymous_3)
FN:58,(anonymous_4)
FN:60,(anonymous_5)
FN:71,(anonymous_6)
FN:73,(anonymous_7)
FN:100,(anonymous_8)
FN:124,(anonymous_9)
FN:125,(anonymous_10)
FN:130,(anonymous_11)
FN:133,(anonymous_12)
FN:141,(anonymous_13)
FN:172,(anonymous_14)
FN:177,(anonymous_15)
FN:204,(anonymous_16)
FN:212,(anonymous_17)
FN:213,(anonymous_18)
FN:216,(anonymous_19)
FN:221,(anonymous_20)
FN:224,(anonymous_21)
FN:237,(anonymous_22)
FN:327,(anonymous_23)
FN:333,(anonymous_24)
FN:356,(anonymous_25)
FN:361,(anonymous_26)
FN:370,(anonymous_27)
FN:385,(anonymous_28)
FN:400,(anonymous_29)
FN:491,(anonymous_30)
FN:496,(anonymous_31)
FN:512,(anonymous_32)
FN:518,(anonymous_33)
FN:527,(anonymous_34)
FNF:35
FNH:0
FNDA:0,(anonymous_0)
FNDA:0,(anonymous_1)
FNDA:0,(anonymous_2)
FNDA:0,(anonymous_3)
FNDA:0,(anonymous_4)
FNDA:0,(anonymous_5)
FNDA:0,(anonymous_6)
FNDA:0,(anonymous_7)
FNDA:0,(anonymous_8)
FNDA:0,(anonymous_9)
FNDA:0,(anonymous_10)
FNDA:0,(anonymous_11)
FNDA:0,(anonymous_12)
FNDA:0,(anonymous_13)
FNDA:0,(anonymous_14)
FNDA:0,(anonymous_15)
FNDA:0,(anonymous_16)
FNDA:0,(anonymous_17)
FNDA:0,(anonymous_18)
FNDA:0,(anonymous_19)
FNDA:0,(anonymous_20)
FNDA:0,(anonymous_21)
FNDA:0,(anonymous_22)
FNDA:0,(anonymous_23)
FNDA:0,(anonymous_24)
FNDA:0,(anonymous_25)
FNDA:0,(anonymous_26)
FNDA:0,(anonymous_27)
FNDA:0,(anonymous_28)
FNDA:0,(anonymous_29)
FNDA:0,(anonymous_30)
FNDA:0,(anonymous_31)
FNDA:0,(anonymous_32)
FNDA:0,(anonymous_33)
FNDA:0,(anonymous_34)
DA:5,2
DA:6,2
DA:7,2
DA:8,2
DA:9,2
DA:10,2
DA:11,2
DA:12,2
DA:13,2
DA:14,2
DA:16,2
DA:19,2
DA:20,0
DA:21,0
DA:22,0
DA:23,0
DA:24,0
DA:25,0
DA:29,0
DA:30,0
DA:33,0
DA:37,0
DA:40,0
DA:46,0
DA:47,0
DA:48,0
DA:49,0
DA:51,0
DA:56,0
DA:57,0
DA:58,0
DA:60,0
DA:71,0
DA:72,0
DA:73,0
DA:76,0
DA:78,0
DA:88,0
DA:90,0
DA:95,0
DA:100,2
DA:101,0
DA:102,0
DA:103,0
DA:104,0
DA:105,0
DA:106,0
DA:109,0
DA:110,0
DA:111,0
DA:118,0
DA:124,0
DA:125,0
DA:126,0
DA:129,0
DA:130,0
DA:132,0
DA:134,0
DA:135,0
DA:137,0
DA:140,0
DA:141,0
DA:145,0
DA:146,0
DA:147,0
DA:148,0
DA:150,0
DA:151,0
DA:152,0
DA:153,0
DA:154,0
DA:155,0
DA:157,0
DA:158,0
DA:160,0
DA:161,0
DA:167,0
DA:168,0
DA:169,0
DA:172,0
DA:173,0
DA:176,0
DA:177,0
DA:178,0
DA:180,0
DA:181,0
DA:182,0
DA:183,0
DA:189,0
DA:190,0
DA:193,0
DA:198,0
DA:199,0
DA:200,0
DA:202,0
DA:203,0
DA:204,0
DA:206,0
DA:211,0
DA:212,0
DA:213,0
DA:214,0
DA:216,0
DA:217,0
DA:220,0
DA:221,0
DA:223,0
DA:224,0
DA:225,0
DA:226,0
DA:228,0
DA:233,0
DA:237,0
DA:238,0
DA:240,0
DA:259,0
DA:262,0
DA:263,0
DA:264,0
DA:265,0
DA:266,0
DA:268,0
DA:287,0
DA:292,0
DA:293,0
DA:294,0
DA:295,0
DA:301,0
DA:303,0
DA:306,0
DA:315,0
DA:317,0
DA:322,0
DA:327,2
DA:328,0
DA:329,0
DA:332,0
DA:333,0
DA:334,0
DA:337,0
DA:338,0
DA:339,0
DA:341,0
DA:342,0
DA:343,0
DA:345,0
DA:346,0
DA:347,0
DA:348,0
DA:349,0
DA:350,0
DA:356,0
DA:361,0
DA:363,0
DA:365,0
DA:370,2
DA:371,0
DA:372,0
DA:373,0
DA:382,0
DA:385,0
DA:395,0
DA:400,2
DA:401,0
DA:402,0
DA:403,0
DA:404,0
DA:411,0
DA:416,0
DA:419,0
DA:420,0
DA:421,0
DA:422,0
DA:427,0
DA:433,0
DA:443,0
DA:444,0
DA:446,0
DA:447,0
DA:448,0
DA:450,0
DA:451,0
DA:452,0
DA:454,0
DA:455,0
DA:456,0
DA:458,0
DA:459,0
DA:460,0
DA:463,0
DA:466,0
DA:467,0
DA:468,0
DA:469,0
DA:471,0
DA:474,0
DA:486,0
DA:491,2
DA:492,0
DA:493,0
DA:494,0
DA:495,0
DA:496,0
DA:497,0
DA:499,0
DA:500,0
DA:503,0
DA:504,0
DA:512,0
DA:518,0
DA:520,0
DA:522,0
DA:527,2
DA:528,0
DA:529,0
DA:530,0
DA:531,0
DA:538,0
DA:543,0
DA:547,2
LF:220
LH:19
BRDA:24,0,0,0
BRDA:24,0,1,0
BRDA:48,1,0,0
BRDA:48,1,1,0
BRDA:57,2,0,0
BRDA:57,2,1,0
BRDA:58,3,0,0
BRDA:58,3,1,0
BRDA:58,4,0,0
BRDA:58,4,1,0
BRDA:63,5,0,0
BRDA:63,5,1,0
BRDA:64,6,0,0
BRDA:64,6,1,0
BRDA:72,7,0,0
BRDA:72,7,1,0
BRDA:105,8,0,0
BRDA:105,8,1,0
BRDA:110,9,0,0
BRDA:110,9,1,0
BRDA:124,10,0,0
BRDA:124,10,1,0
BRDA:125,11,0,0
BRDA:125,11,1,0
BRDA:126,12,0,0
BRDA:126,12,1,0
BRDA:132,13,0,0
BRDA:132,13,1,0
BRDA:134,14,0,0
BRDA:134,14,1,0
BRDA:134,15,0,0
BRDA:134,15,1,0
BRDA:140,16,0,0
BRDA:140,16,1,0
BRDA:141,17,0,0
BRDA:141,17,1,0
BRDA:151,18,0,0
BRDA:151,18,1,0
BRDA:151,19,0,0
BRDA:151,19,1,0
BRDA:154,20,0,0
BRDA:154,20,1,0
BRDA:157,21,0,0
BRDA:157,21,1,0
BRDA:160,22,0,0
BRDA:160,22,1,0
BRDA:160,23,0,0
BRDA:160,23,1,0
BRDA:167,24,0,0
BRDA:167,24,1,0
BRDA:168,25,0,0
BRDA:168,25,1,0
BRDA:169,26,0,0
BRDA:169,26,1,0
BRDA:172,27,0,0
BRDA:172,27,1,0
BRDA:173,28,0,0
BRDA:173,28,1,0
BRDA:180,29,0,0
BRDA:180,29,1,0
BRDA:189,30,0,0
BRDA:189,30,1,0
BRDA:189,31,0,0
BRDA:189,31,1,0
BRDA:189,31,2,0
BRDA:211,32,0,0
BRDA:211,32,1,0
BRDA:212,33,0,0
BRDA:212,33,1,0
BRDA:213,34,0,0
BRDA:213,34,1,0
BRDA:214,35,0,0
BRDA:214,35,1,0
BRDA:216,36,0,0
BRDA:216,36,1,0
BRDA:223,37,0,0
BRDA:223,37,1,0
BRDA:225,38,0,0
BRDA:225,38,1,0
BRDA:225,39,0,0
BRDA:225,39,1,0
BRDA:238,40,0,0
BRDA:238,40,1,0
BRDA:249,41,0,0
BRDA:249,41,1,0
BRDA:262,42,0,0
BRDA:262,42,1,0
BRDA:277,43,0,0
BRDA:277,43,1,0
BRDA:282,44,0,0
BRDA:282,44,1,0
BRDA:283,45,0,0
BRDA:283,45,1,0
BRDA:307,46,0,0
BRDA:307,46,1,0
BRDA:308,47,0,0
BRDA:308,47,1,0
BRDA:309,48,0,0
BRDA:309,48,1,0
BRDA:310,49,0,0
BRDA:310,49,1,0
BRDA:311,50,0,0
BRDA:311,50,1,0
BRDA:341,51,0,0
BRDA:341,51,1,0
BRDA:342,52,0,0
BRDA:342,52,1,0
BRDA:347,53,0,0
BRDA:347,53,1,0
BRDA:348,54,0,0
BRDA:348,54,1,0
BRDA:358,55,0,0
BRDA:358,55,1,0
BRDA:359,56,0,0
BRDA:359,56,1,0
BRDA:403,57,0,0
BRDA:403,57,1,0
BRDA:416,58,0,0
BRDA:416,58,1,0
BRDA:427,59,0,0
BRDA:427,59,1,0
BRDA:446,60,0,0
BRDA:446,60,1,0
BRDA:448,61,0,0
BRDA:448,61,1,0
BRDA:450,62,0,0
BRDA:450,62,1,0
BRDA:454,63,0,0
BRDA:454,63,1,0
BRDA:458,64,0,0
BRDA:458,64,1,0
BRDA:458,65,0,0
BRDA:458,65,1,0
BRDA:466,66,0,0
BRDA:466,66,1,0
BRDA:468,67,0,0
BRDA:468,67,1,0
BRDA:499,68,0,0
BRDA:499,68,1,0
BRDA:514,69,0,0
BRDA:514,69,1,0
BRF:141
BRH:0
end_of_record
TN:
SF:src\routes\auth.js
FN:11,(anonymous_0)
FN:55,(anonymous_1)
FN:103,(anonymous_2)
FN:111,(anonymous_3)
FN:120,(anonymous_4)
FN:137,(anonymous_5)
FN:182,(anonymous_6)
FN:218,(anonymous_7)
FNF:8
FNH:2
FNDA:2,(anonymous_0)
FNDA:2,(anonymous_1)
FNDA:0,(anonymous_2)
FNDA:0,(anonymous_3)
FNDA:0,(anonymous_4)
FNDA:0,(anonymous_5)
FNDA:0,(anonymous_6)
FNDA:0,(anonymous_7)
DA:5,2
DA:6,2
DA:7,2
DA:8,2
DA:11,2
DA:12,2
DA:13,2
DA:15,2
DA:16,0
DA:23,2
DA:24,2
DA:25,1
DA:32,1
DA:40,1
DA:42,1
DA:50,0
DA:55,2
DA:56,2
DA:57,2
DA:59,2
DA:60,0
DA:67,2
DA:68,2
DA:69,0
DA:76,2
DA:77,2
DA:78,1
DA:85,1
DA:86,1
DA:88,1
DA:90,1
DA:98,0
DA:103,2
DA:104,0
DA:111,2
DA:112,0
DA:113,0
DA:120,2
DA:121,0
DA:122,0
DA:123,0
DA:129,0
DA:130,0
DA:131,0
DA:133,0
DA:137,2
DA:138,0
DA:139,0
DA:140,0
DA:141,0
DA:147,0
DA:150,0
DA:160,0
DA:161,0
DA:162,0
DA:169,0
DA:173,0
DA:176,0
DA:177,0
DA:179,0
DA:182,0
DA:184,0
DA:185,0
DA:186,0
DA:187,0
DA:188,0
DA:189,0
DA:191,0
DA:201,0
DA:202,0
DA:203,0
DA:204,0
DA:207,0
DA:210,0
DA:211,0
DA:213,0
DA:218,2
DA:219,0
DA:220,0
DA:221,0
DA:223,0
DA:224,0
DA:226,0
DA:228,0
DA:235,0
DA:239,2
LF:86
LH:33
BRDA:15,0,0,0
BRDA:15,0,1,2
BRDA:15,1,0,2
BRDA:15,1,1,2
BRDA:15,1,2,2
BRDA:24,2,0,1
BRDA:24,2,1,1
BRDA:36,3,0,1
BRDA:36,3,1,1
BRDA:37,4,0,1
BRDA:37,4,1,1
BRDA:59,5,0,0
BRDA:59,5,1,2
BRDA:59,6,0,2
BRDA:59,6,1,2
BRDA:68,7,0,0
BRDA:68,7,1,2
BRDA:77,8,0,1
BRDA:77,8,1,1
BRDA:122,9,0,0
BRDA:122,9,1,0
BRDA:130,10,0,0
BRDA:130,10,1,0
BRDA:140,11,0,0
BRDA:140,11,1,0
BRDA:161,12,0,0
BRDA:161,12,1,0
BRDA:177,13,0,0
BRDA:177,13,1,0
BRDA:182,14,0,0
BRDA:182,14,1,0
BRDA:185,15,0,0
BRDA:185,15,1,0
BRDA:188,16,0,0
BRDA:188,16,1,0
BRDA:192,17,0,0
BRDA:192,17,1,0
BRDA:193,18,0,0
BRDA:193,18,1,0
BRDA:196,19,0,0
BRDA:196,19,1,0
BRDA:202,20,0,0
BRDA:202,20,1,0
BRDA:210,21,0,0
BRDA:210,21,1,0
BRDA:223,22,0,0
BRDA:223,22,1,0
BRDA:224,23,0,0
BRDA:224,23,1,0
BRF:49
BRH:16
end_of_record
TN:
SF:src\routes\dashboard.js
FN:16,(anonymous_0)
FN:26,(anonymous_1)
FN:28,(anonymous_2)
FN:28,(anonymous_3)
FN:29,(anonymous_4)
FN:36,(anonymous_5)
FN:52,(anonymous_6)
FNF:7
FNH:0
FNDA:0,(anonymous_0)
FNDA:0,(anonymous_1)
FNDA:0,(anonymous_2)
FNDA:0,(anonymous_3)
FNDA:0,(anonymous_4)
FNDA:0,(anonymous_5)
FNDA:0,(anonymous_6)
DA:5,2
DA:6,2
DA:7,2
DA:8,2
DA:9,2
DA:10,2
DA:11,2
DA:13,2
DA:16,2
DA:17,0
DA:18,0
DA:19,0
DA:21,0
DA:26,0
DA:27,0
DA:28,0
DA:29,0
DA:31,0
DA:36,0
DA:37,0
DA:40,0
DA:45,0
DA:52,0
DA:62,0
DA:66,2
LF:25
LH:10
BRDA:19,0,0,0
BRDA:19,0,1,0
BRDA:37,1,0,0
BRDA:37,1,1,0
BRF:4
BRH:0
end_of_record
TN:
SF:src\routes\github.js
FN:20,parseRepo
FN:29,(anonymous_1)
FN:88,(anonymous_2)
FN:113,(anonymous_3)
FN:126,(anonymous_4)
FN:186,(anonymous_5)
FN:187,(anonymous_6)
FN:209,(anonymous_7)
FN:223,(anonymous_8)
FN:260,(anonymous_9)
FN:315,(anonymous_10)
FNF:11
FNH:0
FNDA:0,parseRepo
FNDA:0,(anonymous_1)
FNDA:0,(anonymous_2)
FNDA:0,(anonymous_3)
FNDA:0,(anonymous_4)
FNDA:0,(anonymous_5)
FNDA:0,(anonymous_6)
FNDA:0,(anonymous_7)
FNDA:0,(anonymous_8)
FNDA:0,(anonymous_9)
FNDA:0,(anonymous_10)
DA:5,2
DA:6,2
DA:7,2
DA:8,2
DA:9,2
DA:10,2
DA:11,2
DA:12,2
DA:13,2
DA:15,2
DA:21,0
DA:23,0
DA:24,0
DA:25,0
DA:29,2
DA:30,0
DA:31,0
DA:32,0
DA:33,0
DA:39,0
DA:40,0
DA:41,0
DA:48,0
DA:49,0
DA:50,0
DA:56,0
DA:57,0
DA:60,0
DA:65,0
DA:66,0
DA:73,0
DA:80,0
DA:86,0
DA:87,0
DA:88,0
DA:89,0
DA:90,0
DA:99,0
DA:104,0
DA:105,0
DA:106,0
DA:112,0
DA:113,0
DA:121,0
DA:124,0
DA:125,0
DA:126,0
DA:127,0
DA:128,0
DA:129,0
DA:130,0
DA:131,0
DA:133,0
DA:134,0
DA:135,0
DA:138,0
DA:139,0
DA:157,0
DA:163,0
DA:166,0
DA:167,0
DA:168,0
DA:169,0
DA:170,0
DA:171,0
DA:172,0
DA:173,0
DA:174,0
DA:179,0
DA:186,0
DA:187,0
DA:188,0
DA:190,0
DA:192,0
DA:204,0
DA:209,2
DA:210,0
DA:211,0
DA:212,0
DA:213,0
DA:220,0
DA:223,0
DA:231,0
DA:233,0
DA:235,0
DA:236,0
DA:237,0
DA:238,0
DA:241,0
DA:255,0
DA:260,2
DA:261,0
DA:262,0
DA:263,0
DA:264,0
DA:271,0
DA:277,0
DA:278,0
DA:279,0
DA:280,0
DA:281,0
DA:282,0
DA:295,0
DA:296,0
DA:297,0
DA:298,0
DA:301,0
DA:302,0
DA:303,0
DA:307,0
DA:308,0
DA:309,0
DA:315,0
DA:316,0
DA:319,0
DA:320,0
DA:321,0
DA:323,0
DA:324,0
DA:326,0
DA:327,0
DA:331,0
DA:332,0
DA:333,0
DA:335,0
DA:337,0
DA:338,0
DA:339,0
DA:340,0
DA:343,0
DA:344,0
DA:351,0
DA:354,0
DA:355,0
DA:356,0
DA:357,0
DA:358,0
DA:378,0
DA:383,0
DA:385,0
DA:394,0
DA:398,2
LF:142
LH:14
BRDA:21,0,0,0
BRDA:21,0,1,0
BRDA:24,1,0,0
BRDA:24,1,1,0
BRDA:32,2,0,0
BRDA:32,2,1,0
BRDA:40,3,0,0
BRDA:40,3,1,0
BRDA:48,4,0,0
BRDA:48,4,1,0
BRDA:49,5,0,0
BRDA:49,5,1,0
BRDA:65,6,0,0
BRDA:65,6,1,0
BRDA:89,7,0,0
BRDA:89,7,1,0
BRDA:97,8,0,0
BRDA:97,8,1,0
BRDA:125,9,0,0
BRDA:125,9,1,0
BRDA:125,10,0,0
BRDA:125,10,1,0
BRDA:131,11,0,0
BRDA:131,11,1,0
BRDA:138,12,0,0
BRDA:138,12,1,0
BRDA:144,13,0,0
BRDA:144,13,1,0
BRDA:173,14,0,0
BRDA:173,14,1,0
BRDA:186,15,0,0
BRDA:186,15,1,0
BRDA:187,16,0,0
BRDA:187,16,1,0
BRDA:212,17,0,0
BRDA:212,17,1,0
BRDA:222,18,0,0
BRDA:222,18,1,0
BRDA:223,19,0,0
BRDA:223,19,1,0
BRDA:233,20,0,0
BRDA:233,20,1,0
BRDA:235,21,0,0
BRDA:235,21,1,0
BRDA:236,22,0,0
BRDA:236,22,1,0
BRDA:237,23,0,0
BRDA:237,23,1,0
BRDA:244,24,0,0
BRDA:244,24,1,0
BRDA:245,25,0,0
BRDA:245,25,1,0
BRDA:246,26,0,0
BRDA:246,26,1,0
BRDA:247,27,0,0
BRDA:247,27,1,0
BRDA:248,28,0,0
BRDA:248,28,1,0
BRDA:249,29,0,0
BRDA:249,29,1,0
BRDA:250,30,0,0
BRDA:250,30,1,0
BRDA:251,31,0,0
BRDA:251,31,1,0
BRDA:263,32,0,0
BRDA:263,32,1,0
BRDA:279,33,0,0
BRDA:279,33,1,0
BRDA:281,34,0,0
BRDA:281,34,1,0
BRDA:297,35,0,0
BRDA:297,35,1,0
BRDA:298,36,0,0
BRDA:298,36,1,0
BRDA:302,37,0,0
BRDA:302,37,1,0
BRDA:308,38,0,0
BRDA:308,38,1,0
BRDA:323,39,0,0
BRDA:323,39,1,0
BRDA:326,40,0,0
BRDA:326,40,1,0
BRDA:343,41,0,0
BRDA:343,41,1,0
BRDA:354,42,0,0
BRDA:354,42,1,0
BRDA:367,43,0,0
BRDA:367,43,1,0
BRDA:370,44,0,0
BRDA:370,44,1,0
BRDA:372,45,0,0
BRDA:372,45,1,0
BRDA:383,46,0,0
BRDA:383,46,1,0
BRDA:388,47,0,0
BRDA:388,47,1,0
BRDA:389,48,0,0
BRDA:389,48,1,0
BRF:98
BRH:0
end_of_record
TN:
SF:src\routes\projects.js
FN:13,(anonymous_0)
FN:32,(anonymous_1)
FN:52,(anonymous_2)
FN:62,(anonymous_3)
FN:84,(anonymous_4)
FNF:5
FNH:0
FNDA:0,(anonymous_0)
FNDA:0,(anonymous_1)
FNDA:0,(anonymous_2)
FNDA:0,(anonymous_3)
FNDA:0,(anonymous_4)
DA:5,2
DA:6,2
DA:7,2
DA:8,2
DA:10,2
DA:13,2
DA:14,0
DA:15,0
DA:16,0
DA:17,0
DA:18,0
DA:19,0
DA:21,0
DA:25,0
DA:27,0
DA:32,2
DA:33,0
DA:34,0
DA:38,0
DA:39,0
DA:45,0
DA:47,0
DA:52,2
DA:53,0
DA:54,0
DA:55,0
DA:57,0
DA:62,2
DA:63,0
DA:64,0
DA:70,0
DA:71,0
DA:77,0
DA:79,0
DA:84,2
DA:85,0
DA:86,0
DA:87,0
DA:88,0
DA:93,0
DA:95,0
DA:99,2
LF:42
LH:11
BRDA:17,0,0,0
BRDA:17,0,1,0
BRDA:18,1,0,0
BRDA:18,1,1,0
BRDA:19,2,0,0
BRDA:19,2,1,0
BRDA:38,3,0,0
BRDA:38,3,1,0
BRDA:70,4,0,0
BRDA:70,4,1,0
BRDA:87,5,0,0
BRDA:87,5,1,0
BRF:12
BRH:0
end_of_record
TN:
SF:src\routes\sprints.js
FN:19,(anonymous_0)
FN:45,(anonymous_1)
FN:78,(anonymous_2)
FN:105,(anonymous_3)
FN:112,(anonymous_4)
FN:119,(anonymous_5)
FN:129,(anonymous_6)
FN:145,(anonymous_7)
FN:147,(anonymous_8)
FN:149,(anonymous_9)
FN:152,(anonymous_10)
FN:155,(anonymous_11)
FN:189,(anonymous_12)
FN:213,(anonymous_13)
FN:233,(anonymous_14)
FN:264,(anonymous_15)
FN:302,(anonymous_16)
FN:317,(anonymous_17)
FNF:18
FNH:3
FNDA:2,(anonymous_0)
FNDA:0,(anonymous_1)
FNDA:1,(anonymous_2)
FNDA:0,(anonymous_3)
FNDA:0,(anonymous_4)
FNDA:0,(anonymous_5)
FNDA:0,(anonymous_6)
FNDA:0,(anonymous_7)
FNDA:0,(anonymous_8)
FNDA:0,(anonymous_9)
FNDA:0,(anonymous_10)
FNDA:0,(anonymous_11)
FNDA:1,(anonymous_12)
FNDA:0,(anonymous_13)
FNDA:0,(anonymous_14)
FNDA:0,(anonymous_15)
FNDA:0,(anonymous_16)
FNDA:0,(anonymous_17)
DA:6,2
DA:7,2
DA:8,2
DA:9,2
DA:10,2
DA:11,2
DA:12,2
DA:13,2
DA:16,2
DA:19,2
DA:20,2
DA:21,2
DA:25,2
DA:26,1
DA:33,1
DA:35,1
DA:40,0
DA:45,2
DA:46,0
DA:47,0
DA:48,0
DA:49,0
DA:51,0
DA:52,0
DA:53,0
DA:59,0
DA:72,0
DA:78,2
DA:79,1
DA:80,1
DA:83,1
DA:84,0
DA:90,1
DA:91,1
DA:94,1
DA:105,0
DA:112,0
DA:119,0
DA:127,1
DA:128,1
DA:129,0
DA:139,1
DA:142,1
DA:145,0
DA:147,0
DA:149,0
DA:152,0
DA:155,0
DA:161,1
DA:164,1
DA:165,1
DA:166,1
DA:181,0
DA:185,1
DA:186,1
DA:187,1
DA:188,1
DA:189,1
DA:191,1
DA:194,1
DA:208,0
DA:213,2
DA:214,0
DA:215,0
DA:216,0
DA:223,0
DA:228,0
DA:233,2
DA:234,0
DA:235,0
DA:237,0
DA:238,0
DA:244,0
DA:254,0
DA:259,0
DA:264,2
DA:265,0
DA:266,0
DA:272,0
DA:273,0
DA:274,0
DA:275,0
DA:279,0
DA:285,0
DA:286,0
DA:292,0
DA:297,0
DA:302,2
DA:303,0
DA:304,0
DA:305,0
DA:307,0
DA:308,0
DA:311,0
DA:312,0
DA:314,0
DA:317,0
DA:324,0
DA:325,0
DA:326,0
DA:327,0
DA:328,0
DA:329,0
DA:330,0
DA:331,0
DA:334,0
DA:338,0
DA:346,0
DA:350,2
LF:109
LH:44
BRDA:25,0,0,1
BRDA:25,0,1,1
BRDA:47,1,0,0
BRDA:47,2,0,0
BRDA:49,3,0,0
BRDA:49,3,1,0
BRDA:83,4,0,0
BRDA:83,4,1,1
BRDA:91,5,0,1
BRDA:91,5,1,1
BRDA:101,6,0,1
BRDA:101,6,1,0
BRDA:103,7,0,1
BRDA:103,7,1,0
BRDA:104,8,0,1
BRDA:104,8,1,0
BRDA:105,9,0,1
BRDA:105,9,1,1
BRDA:109,10,0,0
BRDA:109,10,1,0
BRDA:110,11,0,0
BRDA:110,11,1,0
BRDA:112,12,0,1
BRDA:112,12,1,1
BRDA:115,13,0,0
BRDA:115,13,1,0
BRDA:116,14,0,0
BRDA:116,14,1,0
BRDA:119,15,0,1
BRDA:119,15,1,1
BRDA:128,16,0,0
BRDA:128,16,1,1
BRDA:144,17,0,1
BRDA:144,17,1,1
BRDA:145,18,0,0
BRDA:145,18,1,0
BRDA:148,19,0,1
BRDA:148,19,1,1
BRDA:152,20,0,0
BRDA:152,20,1,0
BRDA:155,21,0,1
BRDA:155,21,1,1
BRDA:172,22,0,1
BRDA:172,22,1,0
BRDA:173,23,0,1
BRDA:173,23,1,1
BRDA:174,24,0,1
BRDA:174,24,1,0
BRDA:175,25,0,1
BRDA:175,25,1,0
BRDA:176,26,0,1
BRDA:176,26,1,0
BRDA:185,27,0,1
BRDA:185,27,1,0
BRDA:188,28,0,1
BRDA:188,28,1,0
BRDA:197,29,0,1
BRDA:197,29,1,0
BRDA:198,30,0,1
BRDA:198,30,1,0
BRDA:199,31,0,1
BRDA:199,31,1,0
BRDA:200,32,0,1
BRDA:200,32,1,1
BRDA:201,33,0,1
BRDA:201,33,1,0
BRDA:202,34,0,1
BRDA:202,34,1,0
BRDA:203,35,0,1
BRDA:203,35,1,1
BRDA:204,36,0,1
BRDA:204,36,1,1
BRDA:237,37,0,0
BRDA:237,37,1,0
BRDA:237,38,0,0
BRDA:237,38,1,0
BRDA:237,38,2,0
BRDA:237,38,3,0
BRDA:237,38,4,0
BRDA:250,39,0,0
BRDA:250,39,1,0
BRDA:274,40,0,0
BRDA:274,40,1,0
BRDA:285,41,0,0
BRDA:285,41,1,0
BRDA:307,42,0,0
BRDA:307,42,1,0
BRDA:316,43,0,0
BRDA:316,43,1,0
BRDA:317,44,0,0
BRDA:317,44,1,0
BRDA:326,45,0,0
BRDA:326,45,1,0
BRDA:327,46,0,0
BRDA:327,46,1,0
BRDA:328,47,0,0
BRDA:328,47,1,0
BRDA:329,48,0,0
BRDA:329,48,1,0
BRF:99
BRH:40
end_of_record
TN:
SF:src\routes\teams.js
FN:13,(anonymous_0)
FN:31,(anonymous_1)
FN:51,(anonymous_2)
FN:61,(anonymous_3)
FN:83,(anonymous_4)
FN:97,(anonymous_5)
FNF:6
FNH:0
FNDA:0,(anonymous_0)
FNDA:0,(anonymous_1)
FNDA:0,(anonymous_2)
FNDA:0,(anonymous_3)
FNDA:0,(anonymous_4)
FNDA:0,(anonymous_5)
DA:5,2
DA:6,2
DA:7,2
DA:8,2
DA:10,2
DA:13,2
DA:14,0
DA:15,0
DA:16,0
DA:17,0
DA:19,0
DA:24,0
DA:26,0
DA:31,2
DA:32,0
DA:33,0
DA:37,0
DA:38,0
DA:44,0
DA:46,0
DA:51,2
DA:52,0
DA:53,0
DA:54,0
DA:56,0
DA:61,2
DA:62,0
DA:63,0
DA:69,0
DA:70,0
DA:76,0
DA:78,0
DA:83,2
DA:84,0
DA:85,0
DA:86,0
DA:88,0
DA:89,0
DA:96,0
DA:97,0
DA:99,0
DA:100,0
DA:106,0
DA:107,0
DA:109,0
DA:111,0
DA:115,2
LF:47
LH:11
BRDA:17,0,0,0
BRDA:17,0,1,0
BRDA:37,1,0,0
BRDA:37,1,1,0
BRDA:69,2,0,0
BRDA:69,2,1,0
BRDA:88,3,0,0
BRDA:88,3,1,0
BRDA:99,4,0,0
BRDA:99,4,1,0
BRDA:106,5,0,0
BRDA:106,5,1,0
BRF:12
BRH:0
end_of_record
TN:
SF:src\services\cacheService.js
FN:6,(anonymous_0)
FN:15,(anonymous_1)
FN:34,(anonymous_2)
FN:43,(anonymous_3)
FN:50,(anonymous_4)
FNF:5
FNH:1
FNDA:2,(anonymous_0)
FNDA:0,(anonymous_1)
FNDA:0,(anonymous_2)
FNDA:0,(anonymous_3)
FNDA:0,(anonymous_4)
DA:7,2
DA:16,0
DA:17,0
DA:20,0
DA:21,0
DA:22,0
DA:25,0
DA:35,0
DA:36,0
DA:44,0
DA:51,0
DA:55,2
LF:12
LH:2
BRDA:17,0,0,0
BRDA:17,0,1,0
BRDA:20,1,0,0
BRDA:20,1,1,0
BRDA:20,2,0,0
BRDA:20,2,1,0
BRDA:34,3,0,0
BRDA:35,4,0,0
BRDA:35,4,1,0
BRF:9
BRH:0
end_of_record
TN:
SF:src\services\githubService.js
FN:12,(anonymous_0)
FN:28,(anonymous_1)
FN:41,(anonymous_2)
FN:55,(anonymous_3)
FN:60,(anonymous_4)
FN:73,(anonymous_5)
FN:82,(anonymous_6)
FN:104,(anonymous_7)
FN:116,(anonymous_8)
FN:119,(anonymous_9)
FN:131,(anonymous_10)
FN:146,(anonymous_11)
FN:154,(anonymous_12)
FN:174,(anonymous_13)
FN:182,(anonymous_14)
FN:201,(anonymous_15)
FN:208,(anonymous_16)
FN:227,(anonymous_17)
FNF:18
FNH:0
FNDA:0,(anonymous_0)
FNDA:0,(anonymous_1)
FNDA:0,(anonymous_2)
FNDA:0,(anonymous_3)
FNDA:0,(anonymous_4)
FNDA:0,(anonymous_5)
FNDA:0,(anonymous_6)
FNDA:0,(anonymous_7)
FNDA:0,(anonymous_8)
FNDA:0,(anonymous_9)
FNDA:0,(anonymous_10)
FNDA:0,(anonymous_11)
FNDA:0,(anonymous_12)
FNDA:0,(anonymous_13)
FNDA:0,(anonymous_14)
FNDA:0,(anonymous_15)
FNDA:0,(anonymous_16)
FNDA:0,(anonymous_17)
DA:6,2
DA:13,0
DA:23,0
DA:24,0
DA:27,0
DA:29,0
DA:30,0
DA:32,0
DA:33,0
DA:34,0
DA:39,0
DA:42,0
DA:43,0
DA:44,0
DA:45,0
DA:47,0
DA:56,0
DA:57,0
DA:58,0
DA:59,0
DA:60,0
DA:74,0
DA:75,0
DA:76,0
DA:77,0
DA:78,0
DA:80,0
DA:82,0
DA:91,0
DA:92,0
DA:105,0
DA:106,0
DA:107,0
DA:109,0
DA:111,0
DA:114,0
DA:115,0
DA:116,0
DA:119,0
DA:131,0
DA:134,0
DA:135,0
DA:147,0
DA:148,0
DA:149,0
DA:154,0
DA:162,0
DA:163,0
DA:175,0
DA:176,0
DA:177,0
DA:182,0
DA:190,0
DA:191,0
DA:202,0
DA:203,0
DA:204,0
DA:208,0
DA:214,0
DA:215,0
DA:228,0
DA:229,0
DA:230,0
DA:231,0
DA:233,0
DA:237,0
DA:239,0
DA:240,0
DA:245,2
LF:69
LH:2
BRDA:29,0,0,0
BRDA:29,0,1,0
BRDA:30,1,0,0
BRDA:30,1,1,0
BRDA:32,2,0,0
BRDA:32,2,1,0
BRDA:42,3,0,0
BRDA:42,3,1,0
BRDA:42,4,0,0
BRDA:42,4,1,0
BRDA:43,5,0,0
BRDA:43,5,1,0
BRDA:56,6,0,0
BRDA:56,6,1,0
BRDA:56,7,0,0
BRDA:56,7,1,0
BRDA:56,7,2,0
BRDA:58,8,0,0
BRDA:58,8,1,0
BRDA:58,9,0,0
BRDA:58,9,1,0
BRDA:77,10,0,0
BRDA:77,10,1,0
BRDA:78,11,0,0
BRDA:78,11,1,0
BRDA:84,12,0,0
BRDA:84,12,1,0
BRDA:85,13,0,0
BRDA:85,13,1,0
BRDA:85,13,2,0
BRDA:86,14,0,0
BRDA:86,14,1,0
BRDA:87,15,0,0
BRDA:87,15,1,0
BRDA:88,16,0,0
BRDA:88,16,1,0
BRDA:104,17,0,0
BRDA:104,18,0,0
BRDA:114,19,0,0
BRDA:114,19,1,0
BRDA:122,20,0,0
BRDA:122,20,1,0
BRDA:126,21,0,0
BRDA:126,21,1,0
BRDA:127,22,0,0
BRDA:127,22,1,0
BRDA:128,23,0,0
BRDA:128,23,1,0
BRDA:129,24,0,0
BRDA:129,24,1,0
BRDA:130,25,0,0
BRDA:130,25,1,0
BRDA:131,26,0,0
BRDA:131,26,1,0
BRDA:156,27,0,0
BRDA:156,27,1,0
BRDA:157,28,0,0
BRDA:157,28,1,0
BRDA:158,29,0,0
BRDA:158,29,1,0
BRDA:159,30,0,0
BRDA:159,30,1,0
BRDA:183,31,0,0
BRDA:183,31,1,0
BRDA:184,32,0,0
BRDA:184,32,1,0
BRDA:185,33,0,0
BRDA:185,33,1,0
BRDA:186,34,0,0
BRDA:186,34,1,0
BRDA:187,35,0,0
BRDA:187,35,1,0
BRDA:210,36,0,0
BRDA:210,36,1,0
BRDA:211,37,0,0
BRDA:211,37,1,0
BRDA:227,38,0,0
BRF:77
BRH:0
end_of_record
TN:
SF:src\services\mlService.js
FN:24,callML
FN:60,analyzeSprintRisk
FN:68,analyzePR
FN:76,analyzeHotspots
FN:85,analyzeStaffing
FN:96,computeBenchmark
FN:103,checkHealth
FNF:7
FNH:0
FNDA:0,callML
FNDA:0,analyzeSprintRisk
FNDA:0,analyzePR
FNDA:0,analyzeHotspots
FNDA:0,analyzeStaffing
FNDA:0,computeBenchmark
FNDA:0,checkHealth
DA:6,2
DA:8,2
DA:11,2
DA:25,0
DA:26,0
DA:28,0
DA:29,0
DA:30,0
DA:31,0
DA:32,0
DA:35,0
DA:36,0
DA:39,0
DA:40,0
DA:42,0
DA:43,0
DA:44,0
DA:47,0
DA:49,0
DA:50,0
DA:53,0
DA:61,0
DA:69,0
DA:77,0
DA:86,0
DA:97,0
DA:104,0
DA:105,0
DA:106,0
DA:108,0
DA:112,2
LF:31
LH:4
BRDA:8,0,0,2
BRDA:8,0,1,0
BRDA:24,1,0,0
BRDA:35,2,0,0
BRDA:35,2,1,0
BRDA:35,3,0,0
BRDA:35,3,1,0
BRDA:40,4,0,0
BRDA:40,4,1,0
BRDA:43,5,0,0
BRDA:43,5,1,0
BRF:11
BRH:1
end_of_record
